<?xml version="1.0" encoding="UTF-8"?>
<!-- Generated by org.testng.reporters.JUnitReportReporter -->
<testsuite skipped="0" hostname="INNOWAVE-383" name="delivery01.soi_80.SOI_80_TC4_MobileOrderIntake_OrderListView_ConfigureListView_AllOrders_ColumnsConfig" tests="9" failures="0" timestamp="25 fev 2020 01:02:18 GMT" time="85.779" errors="0">
  <testcase name="step05" time="28.265" classname="delivery01.soi_80.SOI_80_TC4_MobileOrderIntake_OrderListView_ConfigureListView_AllOrders_ColumnsConfig"/>
  <testcase name="step07" time="27.824" classname="delivery01.soi_80.SOI_80_TC4_MobileOrderIntake_OrderListView_ConfigureListView_AllOrders_ColumnsConfig"/>
  <testcase name="step09" time="2.572" classname="delivery01.soi_80.SOI_80_TC4_MobileOrderIntake_OrderListView_ConfigureListView_AllOrders_ColumnsConfig"/>
  <testcase name="step04" time="1.913" classname="delivery01.soi_80.SOI_80_TC4_MobileOrderIntake_OrderListView_ConfigureListView_AllOrders_ColumnsConfig"/>
  <testcase name="step02" time="6.175" classname="delivery01.soi_80.SOI_80_TC4_MobileOrderIntake_OrderListView_ConfigureListView_AllOrders_ColumnsConfig"/>
  <testcase name="step03" time="4.506" classname="delivery01.soi_80.SOI_80_TC4_MobileOrderIntake_OrderListView_ConfigureListView_AllOrders_ColumnsConfig"/>
  <testcase name="step01" time="12.032" classname="delivery01.soi_80.SOI_80_TC4_MobileOrderIntake_OrderListView_ConfigureListView_AllOrders_ColumnsConfig"/>
  <testcase name="step06" time="1.259" classname="delivery01.soi_80.SOI_80_TC4_MobileOrderIntake_OrderListView_ConfigureListView_AllOrders_ColumnsConfig"/>
  <testcase name="step08" time="1.233" classname="delivery01.soi_80.SOI_80_TC4_MobileOrderIntake_OrderListView_ConfigureListView_AllOrders_ColumnsConfig"/>
</testsuite> <!-- delivery01.soi_80.SOI_80_TC4_MobileOrderIntake_OrderListView_ConfigureListView_AllOrders_ColumnsConfig -->
