<?xml version="1.0" encoding="UTF-8"?>
<!-- Generated by org.testng.reporters.JUnitReportReporter -->
<testsuite skipped="0" hostname="INNOWAVE-383" name="delivery01.soi_66.SOI_66_TC02_AgreementCreation_Opportunity_Product_Not_MobileVoice" tests="5" failures="0" timestamp="19 abr 2020 23:57:55 GMT" time="107.566" errors="0">
  <testcase name="step05" time="30.558" classname="delivery01.soi_66.SOI_66_TC02_AgreementCreation_Opportunity_Product_Not_MobileVoice"/>
  <testcase name="step02" time="7.684" classname="delivery01.soi_66.SOI_66_TC02_AgreementCreation_Opportunity_Product_Not_MobileVoice"/>
  <testcase name="step04" time="37.617" classname="delivery01.soi_66.SOI_66_TC02_AgreementCreation_Opportunity_Product_Not_MobileVoice"/>
  <testcase name="step03" time="16.405" classname="delivery01.soi_66.SOI_66_TC02_AgreementCreation_Opportunity_Product_Not_MobileVoice"/>
  <testcase name="step01" time="15.302" classname="delivery01.soi_66.SOI_66_TC02_AgreementCreation_Opportunity_Product_Not_MobileVoice"/>
</testsuite> <!-- delivery01.soi_66.SOI_66_TC02_AgreementCreation_Opportunity_Product_Not_MobileVoice -->
