<?xml version="1.0" encoding="UTF-8"?>
<!-- Generated by org.testng.reporters.JUnitReportReporter -->
<testsuite skipped="0" hostname="INNOWAVE-383" name="delivery01.soi_880.SOI_880_TC01_CaseRouting_NewContractFlow" tests="11" failures="0" timestamp="09 mar 2020 18:48:15 GMT" time="165.164" errors="0">
  <testcase name="step05" time="7.394" classname="delivery01.soi_880.SOI_880_TC01_CaseRouting_NewContractFlow"/>
  <testcase name="step01" time="11.703" classname="delivery01.soi_880.SOI_880_TC01_CaseRouting_NewContractFlow"/>
  <testcase name="step04" time="37.319" classname="delivery01.soi_880.SOI_880_TC01_CaseRouting_NewContractFlow"/>
  <testcase name="step03" time="15.453" classname="delivery01.soi_880.SOI_880_TC01_CaseRouting_NewContractFlow"/>
  <testcase name="step06" time="5.121" classname="delivery01.soi_880.SOI_880_TC01_CaseRouting_NewContractFlow"/>
  <testcase name="step07" time="20.630" classname="delivery01.soi_880.SOI_880_TC01_CaseRouting_NewContractFlow"/>
  <testcase name="step11" time="6.561" classname="delivery01.soi_880.SOI_880_TC01_CaseRouting_NewContractFlow"/>
  <testcase name="step09" time="12.127" classname="delivery01.soi_880.SOI_880_TC01_CaseRouting_NewContractFlow"/>
  <testcase name="step10" time="3.728" classname="delivery01.soi_880.SOI_880_TC01_CaseRouting_NewContractFlow"/>
  <testcase name="step02" time="6.295" classname="delivery01.soi_880.SOI_880_TC01_CaseRouting_NewContractFlow"/>
  <testcase name="step08" time="38.833" classname="delivery01.soi_880.SOI_880_TC01_CaseRouting_NewContractFlow"/>
</testsuite> <!-- delivery01.soi_880.SOI_880_TC01_CaseRouting_NewContractFlow -->
