<?xml version="1.0" encoding="UTF-8"?>
<!-- Generated by org.testng.reporters.JUnitReportReporter -->
<testsuite skipped="6" hostname="INNOWAVE-429" name="delivery01.soi_66.AgreementCreation_From_Oportunity_MobileVoice" tests="6" failures="0" timestamp="20 Dec 2019 12:47:47 GMT" time="0.000" errors="0">
  <testcase name="step01" time="0.000" classname="delivery01.soi_66.AgreementCreation_From_Oportunity_MobileVoice">
    <skipped/>
  </testcase> <!-- step01 -->
  <testcase name="step04" time="0.000" classname="delivery01.soi_66.AgreementCreation_From_Oportunity_MobileVoice">
    <skipped/>
  </testcase> <!-- step04 -->
  <testcase name="step06" time="0.000" classname="delivery01.soi_66.AgreementCreation_From_Oportunity_MobileVoice">
    <skipped/>
  </testcase> <!-- step06 -->
  <testcase name="step05" time="0.000" classname="delivery01.soi_66.AgreementCreation_From_Oportunity_MobileVoice">
    <skipped/>
  </testcase> <!-- step05 -->
  <testcase name="step03" time="0.000" classname="delivery01.soi_66.AgreementCreation_From_Oportunity_MobileVoice">
    <skipped/>
  </testcase> <!-- step03 -->
  <testcase name="step02" time="0.000" classname="delivery01.soi_66.AgreementCreation_From_Oportunity_MobileVoice">
    <skipped/>
  </testcase> <!-- step02 -->
</testsuite> <!-- delivery01.soi_66.AgreementCreation_From_Oportunity_MobileVoice -->
