<?xml version="1.0" encoding="UTF-8"?>
<!-- Generated by org.testng.reporters.JUnitReportReporter -->
<testsuite skipped="0" hostname="INNOWAVE-383" name="testingFrameworkPackage.GeneralTestingClass" tests="1" failures="0" timestamp="16 dez 2020 12:35:34 GMT" time="49.101" errors="0">
  <testcase name="S01LoginSFDSForTestingFramework" time="49.101" classname="testingFrameworkPackage.GeneralTestingClass"/>
</testsuite> <!-- testingFrameworkPackage.GeneralTestingClass -->
