<?xml version="1.0" encoding="UTF-8"?>
<!-- Generated by org.testng.reporters.JUnitReportReporter -->
<testsuite skipped="0" hostname="INNOWAVE-383" name="delivery02.soi_239.SOI_239_DS_Configure_Phone_Line" tests="5" failures="0" timestamp="28 jul 2020 22:52:30 GMT" time="34.481" errors="0">
  <testcase name="step01" time="11.804" classname="delivery02.soi_239.SOI_239_DS_Configure_Phone_Line"/>
  <testcase name="step03" time="7.980" classname="delivery02.soi_239.SOI_239_DS_Configure_Phone_Line"/>
  <testcase name="step02" time="8.379" classname="delivery02.soi_239.SOI_239_DS_Configure_Phone_Line"/>
  <testcase name="step04" time="6.317" classname="delivery02.soi_239.SOI_239_DS_Configure_Phone_Line"/>
  <testcase name="step05" time="0.001" classname="delivery02.soi_239.SOI_239_DS_Configure_Phone_Line"/>
</testsuite> <!-- delivery02.soi_239.SOI_239_DS_Configure_Phone_Line -->
