<?xml version="1.0" encoding="UTF-8"?>
<!-- Generated by org.testng.reporters.JUnitReportReporter -->
<testsuite skipped="0" hostname="INNOWAVE-383" name="d02.SOI_1013.SOI_1013_TC03_DS_Sync_ProductBasket_EmptyProduct_NegativeTest" tests="1" failures="0" timestamp="15 dez 2020 15:06:57 GMT" time="63.625" errors="0">
  <testcase name="testCase" time="63.625" classname="d02.SOI_1013.SOI_1013_TC03_DS_Sync_ProductBasket_EmptyProduct_NegativeTest"/>
</testsuite> <!-- d02.SOI_1013.SOI_1013_TC03_DS_Sync_ProductBasket_EmptyProduct_NegativeTest -->
