<?xml version="1.0" encoding="UTF-8"?>
<!-- Generated by org.testng.reporters.JUnitReportReporter -->
<testsuite skipped="0" hostname="INNOWAVE-383" name="notInclude.TestingMACDJSQuery" tests="2" failures="0" timestamp="19 abr 2020 16:43:05 GMT" time="29.085" errors="0">
  <testcase name="step02" time="11.933" classname="notInclude.TestingMACDJSQuery"/>
  <testcase name="step01" time="17.152" classname="notInclude.TestingMACDJSQuery"/>
</testsuite> <!-- notInclude.TestingMACDJSQuery -->
