<?xml version="1.0" encoding="UTF-8"?>
<!-- Generated by org.testng.reporters.JUnitReportReporter -->
<testsuite skipped="0" hostname="INNOWAVE-383" name="notInclude.NavigateToCaseScreen" tests="2" failures="0" timestamp="21 fev 2020 22:09:34 GMT" time="24.286" errors="0">
  <testcase name="step01" time="16.134" classname="notInclude.NavigateToCaseScreen"/>
  <testcase name="step02" time="8.152" classname="notInclude.NavigateToCaseScreen"/>
</testsuite> <!-- notInclude.NavigateToCaseScreen -->
