<?xml version="1.0" encoding="UTF-8"?>
<!-- Generated by org.testng.reporters.JUnitReportReporter -->
<testsuite skipped="0" hostname="INNOWAVE-383" name="sq.J1835004000_14.J1835004000_14_TC02_QuickSaleOpportunity_CreateMoreThanOneProdBasket" tests="1" failures="0" timestamp="14 dez 2020 16:21:02 GMT" time="86.977" errors="0">
  <testcase name="testCase" time="86.977" classname="sq.J1835004000_14.J1835004000_14_TC02_QuickSaleOpportunity_CreateMoreThanOneProdBasket"/>
</testsuite> <!-- sq.J1835004000_14.J1835004000_14_TC02_QuickSaleOpportunity_CreateMoreThanOneProdBasket -->
