<?xml version="1.0" encoding="UTF-8"?>
<!-- Generated by org.testng.reporters.JUnitReportReporter -->
<testsuite skipped="0" hostname="INNOWAVE-383" name="sq.J1835004000_18.J1835004000_18_TC02_Add_EnterpriseVoice_To_ProductBasket_DeleteProduct_InvalidConfig" tests="1" failures="0" timestamp="16 dez 2020 11:58:24 GMT" time="116.262" errors="0">
  <testcase name="testCase" time="116.262" classname="sq.J1835004000_18.J1835004000_18_TC02_Add_EnterpriseVoice_To_ProductBasket_DeleteProduct_InvalidConfig"/>
</testsuite> <!-- sq.J1835004000_18.J1835004000_18_TC02_Add_EnterpriseVoice_To_ProductBasket_DeleteProduct_InvalidConfig -->
