<?xml version="1.0" encoding="UTF-8"?>
<!-- Generated by org.testng.reporters.JUnitReportReporter -->
<testsuite skipped="0" hostname="INNOWAVE-383" name="delivery01.soi_150.SOI_150_TC4_PC_MobileOrderIntake_MACD_Flow" tests="10" failures="0" timestamp="21 fev 2020 17:57:56 GMT" time="55.104" errors="0">
  <testcase name="step06" time="2.931" classname="delivery01.soi_150.SOI_150_TC4_PC_MobileOrderIntake_MACD_Flow"/>
  <testcase name="step08" time="1.761" classname="delivery01.soi_150.SOI_150_TC4_PC_MobileOrderIntake_MACD_Flow"/>
  <testcase name="step01" time="7.002" classname="delivery01.soi_150.SOI_150_TC4_PC_MobileOrderIntake_MACD_Flow"/>
  <testcase name="step02" time="5.461" classname="delivery01.soi_150.SOI_150_TC4_PC_MobileOrderIntake_MACD_Flow"/>
  <testcase name="step03" time="1.990" classname="delivery01.soi_150.SOI_150_TC4_PC_MobileOrderIntake_MACD_Flow"/>
  <testcase name="step05" time="1.117" classname="delivery01.soi_150.SOI_150_TC4_PC_MobileOrderIntake_MACD_Flow"/>
  <testcase name="step07" time="29.018" classname="delivery01.soi_150.SOI_150_TC4_PC_MobileOrderIntake_MACD_Flow"/>
  <testcase name="step04" time="1.098" classname="delivery01.soi_150.SOI_150_TC4_PC_MobileOrderIntake_MACD_Flow"/>
  <testcase name="step10" time="2.719" classname="delivery01.soi_150.SOI_150_TC4_PC_MobileOrderIntake_MACD_Flow"/>
  <testcase name="step09" time="2.007" classname="delivery01.soi_150.SOI_150_TC4_PC_MobileOrderIntake_MACD_Flow"/>
</testsuite> <!-- delivery01.soi_150.SOI_150_TC4_PC_MobileOrderIntake_MACD_Flow -->
