<?xml version="1.0" encoding="UTF-8"?>
<!-- Generated by org.testng.reporters.JUnitReportReporter -->
<testsuite skipped="0" hostname="INNOWAVE-383" name="notInclude.TestingMACDJSQuery" tests="2" failures="0" timestamp="20 ago 2020 10:33:12 GMT" time="28.663" errors="0">
  <testcase name="step01" time="16.981" classname="notInclude.TestingMACDJSQuery"/>
  <testcase name="step02" time="11.682" classname="notInclude.TestingMACDJSQuery"/>
</testsuite> <!-- notInclude.TestingMACDJSQuery -->
