<?xml version="1.0" encoding="UTF-8"?>
<!-- Generated by org.testng.reporters.JUnitReportReporter -->
<testsuite skipped="0" hostname="INNOWAVE-383" name="sq.J1835004000_18.J1835004000_18_TC01_Add_EnterpriseVoice_To_ProductBasket" tests="1" failures="0" timestamp="15 dez 2020 15:41:14 GMT" time="70.717" errors="0">
  <testcase name="testCase" time="70.717" classname="sq.J1835004000_18.J1835004000_18_TC01_Add_EnterpriseVoice_To_ProductBasket"/>
</testsuite> <!-- sq.J1835004000_18.J1835004000_18_TC01_Add_EnterpriseVoice_To_ProductBasket -->
