<?xml version="1.0" encoding="UTF-8"?>
<!-- Generated by org.testng.reporters.JUnitReportReporter -->
<testsuite skipped="0" hostname="INNOWAVE-383" name="delivery01.soi_720.SOI_720_TC1_NotAbleToAdd2Services" tests="14" failures="0" timestamp="26 fev 2020 18:35:01 GMT" time="176.474" errors="0">
  <testcase name="step06" time="4.001" classname="delivery01.soi_720.SOI_720_TC1_NotAbleToAdd2Services"/>
  <testcase name="step13" time="4.217" classname="delivery01.soi_720.SOI_720_TC1_NotAbleToAdd2Services"/>
  <testcase name="step07" time="19.825" classname="delivery01.soi_720.SOI_720_TC1_NotAbleToAdd2Services"/>
  <testcase name="step04" time="37.678" classname="delivery01.soi_720.SOI_720_TC1_NotAbleToAdd2Services"/>
  <testcase name="step12" time="6.088" classname="delivery01.soi_720.SOI_720_TC1_NotAbleToAdd2Services"/>
  <testcase name="step01" time="11.028" classname="delivery01.soi_720.SOI_720_TC1_NotAbleToAdd2Services"/>
  <testcase name="step02" time="7.815" classname="delivery01.soi_720.SOI_720_TC1_NotAbleToAdd2Services"/>
  <testcase name="step05" time="7.344" classname="delivery01.soi_720.SOI_720_TC1_NotAbleToAdd2Services"/>
  <testcase name="step03" time="17.061" classname="delivery01.soi_720.SOI_720_TC1_NotAbleToAdd2Services"/>
  <testcase name="step10" time="3.574" classname="delivery01.soi_720.SOI_720_TC1_NotAbleToAdd2Services"/>
  <testcase name="step14" time="3.189" classname="delivery01.soi_720.SOI_720_TC1_NotAbleToAdd2Services"/>
  <testcase name="step08" time="40.158" classname="delivery01.soi_720.SOI_720_TC1_NotAbleToAdd2Services"/>
  <testcase name="step09" time="12.482" classname="delivery01.soi_720.SOI_720_TC1_NotAbleToAdd2Services"/>
  <testcase name="step11" time="2.014" classname="delivery01.soi_720.SOI_720_TC1_NotAbleToAdd2Services"/>
</testsuite> <!-- delivery01.soi_720.SOI_720_TC1_NotAbleToAdd2Services -->
