<?xml version="1.0" encoding="UTF-8"?>
<!-- Generated by org.testng.reporters.JUnitReportReporter -->
<testsuite hostname="INNOWAVE-383" failures="0" tests="1" name="d02.SOI_1013.SOI_1013_TC01_DS_Sync_ProductBasket_CloudSense" time="125.153" errors="0" timestamp="13 jan 2021 12:40:45 GMT" skipped="0">
  <testcase classname="d02.SOI_1013.SOI_1013_TC01_DS_Sync_ProductBasket_CloudSense" name="testCase" time="125.153"/>
</testsuite> <!-- d02.SOI_1013.SOI_1013_TC01_DS_Sync_ProductBasket_CloudSense -->
