<?xml version="1.0" encoding="UTF-8"?>
<!-- Generated by org.testng.reporters.JUnitReportReporter -->
<testsuite skipped="0" hostname="INNOWAVE-383" name="delivery01.soi_66.SOI_66_TC12_PC_AgreementCreation_Add_File_2_Agreement" tests="8" failures="0" timestamp="17 abr 2020 10:17:53 GMT" time="72.155" errors="0">
  <testcase name="step01" time="9.013" classname="delivery01.soi_66.SOI_66_TC12_PC_AgreementCreation_Add_File_2_Agreement"/>
  <testcase name="step07" time="1.662" classname="delivery01.soi_66.SOI_66_TC12_PC_AgreementCreation_Add_File_2_Agreement"/>
  <testcase name="step05" time="9.741" classname="delivery01.soi_66.SOI_66_TC12_PC_AgreementCreation_Add_File_2_Agreement"/>
  <testcase name="step06" time="6.573" classname="delivery01.soi_66.SOI_66_TC12_PC_AgreementCreation_Add_File_2_Agreement"/>
  <testcase name="step08" time="21.758" classname="delivery01.soi_66.SOI_66_TC12_PC_AgreementCreation_Add_File_2_Agreement"/>
  <testcase name="step04" time="9.300" classname="delivery01.soi_66.SOI_66_TC12_PC_AgreementCreation_Add_File_2_Agreement"/>
  <testcase name="step02" time="5.291" classname="delivery01.soi_66.SOI_66_TC12_PC_AgreementCreation_Add_File_2_Agreement"/>
  <testcase name="step03" time="8.817" classname="delivery01.soi_66.SOI_66_TC12_PC_AgreementCreation_Add_File_2_Agreement"/>
</testsuite> <!-- delivery01.soi_66.SOI_66_TC12_PC_AgreementCreation_Add_File_2_Agreement -->
