<?xml version="1.0" encoding="UTF-8"?>
<!-- Generated by org.testng.reporters.JUnitReportReporter -->
<testsuite skipped="0" hostname="INNOWAVE-383" name="delivery01.soi_66.AgreementCreation_From_Opportunity_MobileVoice_EditAgreement_SFPC" tests="9" failures="0" timestamp="10 dez 2019 16:43:02 GMT" time="48.147" errors="0">
  <testcase name="step08" time="1.411" classname="delivery01.soi_66.AgreementCreation_From_Opportunity_MobileVoice_EditAgreement_SFPC"/>
  <testcase name="step02" time="6.365" classname="delivery01.soi_66.AgreementCreation_From_Opportunity_MobileVoice_EditAgreement_SFPC"/>
  <testcase name="step07" time="2.414" classname="delivery01.soi_66.AgreementCreation_From_Opportunity_MobileVoice_EditAgreement_SFPC"/>
  <testcase name="step04" time="6.854" classname="delivery01.soi_66.AgreementCreation_From_Opportunity_MobileVoice_EditAgreement_SFPC"/>
  <testcase name="step03" time="9.107" classname="delivery01.soi_66.AgreementCreation_From_Opportunity_MobileVoice_EditAgreement_SFPC"/>
  <testcase name="step09" time="3.270" classname="delivery01.soi_66.AgreementCreation_From_Opportunity_MobileVoice_EditAgreement_SFPC"/>
  <testcase name="step05" time="2.280" classname="delivery01.soi_66.AgreementCreation_From_Opportunity_MobileVoice_EditAgreement_SFPC"/>
  <testcase name="step01" time="6.558" classname="delivery01.soi_66.AgreementCreation_From_Opportunity_MobileVoice_EditAgreement_SFPC"/>
  <testcase name="step06" time="9.888" classname="delivery01.soi_66.AgreementCreation_From_Opportunity_MobileVoice_EditAgreement_SFPC"/>
</testsuite> <!-- delivery01.soi_66.AgreementCreation_From_Opportunity_MobileVoice_EditAgreement_SFPC -->
