<?xml version="1.0" encoding="UTF-8"?>
<!-- Generated by org.testng.reporters.JUnitReportReporter -->
<testsuite hostname="INNOWAVE-383" failures="0" tests="1" name="d03.SOI_3566.SOI_3566_TC01_DS_ProductModellingSingleProducts" time="69.042" errors="0" timestamp="21 jan 2021 11:37:28 GMT" skipped="0">
  <testcase classname="d03.SOI_3566.SOI_3566_TC01_DS_ProductModellingSingleProducts" name="testCase" time="69.042"/>
</testsuite> <!-- d03.SOI_3566.SOI_3566_TC01_DS_ProductModellingSingleProducts -->
