<?xml version="1.0" encoding="UTF-8"?>
<!-- Generated by org.testng.reporters.JUnitReportReporter -->
<testsuite skipped="0" hostname="INNOWAVE-383" name="delivery01.soi_150.SOI_150_TC1_MobileOrderIntake_MACD_Flow" tests="10" failures="0" timestamp="21 fev 2020 20:02:18 GMT" time="115.022" errors="0">
  <testcase name="step02" time="7.881" classname="delivery01.soi_150.SOI_150_TC1_MobileOrderIntake_MACD_Flow"/>
  <testcase name="step04" time="1.542" classname="delivery01.soi_150.SOI_150_TC1_MobileOrderIntake_MACD_Flow"/>
  <testcase name="step01" time="16.138" classname="delivery01.soi_150.SOI_150_TC1_MobileOrderIntake_MACD_Flow"/>
  <testcase name="step05" time="1.240" classname="delivery01.soi_150.SOI_150_TC1_MobileOrderIntake_MACD_Flow"/>
  <testcase name="step08" time="5.247" classname="delivery01.soi_150.SOI_150_TC1_MobileOrderIntake_MACD_Flow"/>
  <testcase name="step09" time="4.589" classname="delivery01.soi_150.SOI_150_TC1_MobileOrderIntake_MACD_Flow"/>
  <testcase name="step07" time="47.218" classname="delivery01.soi_150.SOI_150_TC1_MobileOrderIntake_MACD_Flow"/>
  <testcase name="step06" time="23.705" classname="delivery01.soi_150.SOI_150_TC1_MobileOrderIntake_MACD_Flow"/>
  <testcase name="step10" time="4.815" classname="delivery01.soi_150.SOI_150_TC1_MobileOrderIntake_MACD_Flow"/>
  <testcase name="step03" time="2.647" classname="delivery01.soi_150.SOI_150_TC1_MobileOrderIntake_MACD_Flow"/>
</testsuite> <!-- delivery01.soi_150.SOI_150_TC1_MobileOrderIntake_MACD_Flow -->
