<?xml version="1.0" encoding="UTF-8"?>
<!-- Generated by org.testng.reporters.JUnitReportReporter -->
<testsuite skipped="0" hostname="INNOWAVE-383" name="notInclude.AddService2Order" tests="2" failures="0" timestamp="21 fev 2020 16:24:22 GMT" time="19.750" errors="0">
  <testcase name="step01" time="9.354" classname="notInclude.AddService2Order"/>
  <testcase name="step02" time="10.396" classname="notInclude.AddService2Order"/>
</testsuite> <!-- notInclude.AddService2Order -->
