<?xml version="1.0" encoding="UTF-8"?>
<!-- Generated by org.testng.reporters.JUnitReportReporter -->
<testsuite hostname="INNOWAVE-383" failures="0" tests="1" name="testingFrameworkPackage.GeneralTestingClassD02PC" time="66.508" errors="0" timestamp="19 jan 2021 18:00:25 GMT" skipped="0">
  <testcase classname="testingFrameworkPackage.GeneralTestingClassD02PC" name="ProductInProductBasket" time="66.508"/>
</testsuite> <!-- testingFrameworkPackage.GeneralTestingClassD02PC -->
