<?xml version="1.0" encoding="UTF-8"?>
<!-- Generated by org.testng.reporters.JUnitReportReporter -->
<testsuite skipped="0" hostname="INNOWAVE-383" name="notInclude.SOI_69_TC1_ServiceScreen_AddNewService" tests="10" failures="0" timestamp="19 fev 2020 14:48:41 GMT" time="163.569" errors="0">
  <testcase name="step04" time="36.953" classname="notInclude.SOI_69_TC1_ServiceScreen_AddNewService"/>
  <testcase name="step03" time="20.164" classname="notInclude.SOI_69_TC1_ServiceScreen_AddNewService"/>
  <testcase name="step10" time="3.399" classname="notInclude.SOI_69_TC1_ServiceScreen_AddNewService"/>
  <testcase name="step01" time="12.432" classname="notInclude.SOI_69_TC1_ServiceScreen_AddNewService"/>
  <testcase name="step07" time="19.454" classname="notInclude.SOI_69_TC1_ServiceScreen_AddNewService"/>
  <testcase name="step06" time="4.000" classname="notInclude.SOI_69_TC1_ServiceScreen_AddNewService"/>
  <testcase name="step08" time="40.109" classname="notInclude.SOI_69_TC1_ServiceScreen_AddNewService"/>
  <testcase name="step02" time="7.523" classname="notInclude.SOI_69_TC1_ServiceScreen_AddNewService"/>
  <testcase name="step09" time="12.507" classname="notInclude.SOI_69_TC1_ServiceScreen_AddNewService"/>
  <testcase name="step05" time="7.028" classname="notInclude.SOI_69_TC1_ServiceScreen_AddNewService"/>
</testsuite> <!-- notInclude.SOI_69_TC1_ServiceScreen_AddNewService -->
