<?xml version="1.0" encoding="UTF-8"?>
<!-- Generated by org.testng.reporters.JUnitReportReporter -->
<testsuite skipped="0" hostname="INNOWAVE-383" name="notInclude.AddDiferentFile2Agreement" tests="2" failures="0" timestamp="22 fev 2020 23:32:13 GMT" time="37.927" errors="0">
  <testcase name="step01" time="14.572" classname="notInclude.AddDiferentFile2Agreement"/>
  <testcase name="step02" time="23.355" classname="notInclude.AddDiferentFile2Agreement"/>
</testsuite> <!-- notInclude.AddDiferentFile2Agreement -->
