<?xml version="1.0" encoding="UTF-8"?>
<!-- Generated by org.testng.reporters.JUnitReportReporter -->
<testsuite skipped="0" hostname="INNOWAVE-383" name="sq.J1835004000_18.J1835004000_18_TC02_Add_EnterpriseVoice_To_ProductBasket_DeleteProduct_InvalidConfig" tests="1" failures="0" timestamp="15 dez 2020 17:22:54 GMT" time="102.057" errors="0">
  <testcase name="testCase" time="102.057" classname="sq.J1835004000_18.J1835004000_18_TC02_Add_EnterpriseVoice_To_ProductBasket_DeleteProduct_InvalidConfig"/>
</testsuite> <!-- sq.J1835004000_18.J1835004000_18_TC02_Add_EnterpriseVoice_To_ProductBasket_DeleteProduct_InvalidConfig -->
