<?xml version="1.0" encoding="UTF-8"?>
<!-- Generated by org.testng.reporters.JUnitReportReporter -->
<testsuite skipped="0" hostname="INNOWAVE-383" name="delivery01.soi_66.SOI_66_TC1_AgreementCreation_From_Oportunity_MobileVoice" tests="6" failures="0" timestamp="13 mar 2020 17:52:45 GMT" time="89.291" errors="0">
  <testcase name="step02" time="8.207" classname="delivery01.soi_66.SOI_66_TC1_AgreementCreation_From_Oportunity_MobileVoice"/>
  <testcase name="step05" time="10.225" classname="delivery01.soi_66.SOI_66_TC1_AgreementCreation_From_Oportunity_MobileVoice"/>
  <testcase name="step04" time="37.585" classname="delivery01.soi_66.SOI_66_TC1_AgreementCreation_From_Oportunity_MobileVoice"/>
  <testcase name="step03" time="16.690" classname="delivery01.soi_66.SOI_66_TC1_AgreementCreation_From_Oportunity_MobileVoice"/>
  <testcase name="step01" time="11.659" classname="delivery01.soi_66.SOI_66_TC1_AgreementCreation_From_Oportunity_MobileVoice"/>
  <testcase name="step06" time="4.925" classname="delivery01.soi_66.SOI_66_TC1_AgreementCreation_From_Oportunity_MobileVoice"/>
</testsuite> <!-- delivery01.soi_66.SOI_66_TC1_AgreementCreation_From_Oportunity_MobileVoice -->
