<?xml version="1.0" encoding="UTF-8"?>
<!-- Generated by org.testng.reporters.JUnitReportReporter -->
<<<<<<< HEAD
<testsuite skipped="0" hostname="INNOWAVE-383" name="delivery02.soi_1312.SOI_1312_TC03_DS_ChineseWallsDuringQuoting_SalesUserProfile" tests="5" failures="0" timestamp="20 jul 2020 10:58:42 GMT" time="45.564" errors="0">
  <testcase name="step01" time="14.168" classname="delivery02.soi_1312.SOI_1312_TC03_DS_ChineseWallsDuringQuoting_SalesUserProfile"/>
  <testcase name="step03" time="11.020" classname="delivery02.soi_1312.SOI_1312_TC03_DS_ChineseWallsDuringQuoting_SalesUserProfile"/>
  <testcase name="step02" time="11.244" classname="delivery02.soi_1312.SOI_1312_TC03_DS_ChineseWallsDuringQuoting_SalesUserProfile"/>
  <testcase name="step05" time="1.375" classname="delivery02.soi_1312.SOI_1312_TC03_DS_ChineseWallsDuringQuoting_SalesUserProfile"/>
  <testcase name="step04" time="7.757" classname="delivery02.soi_1312.SOI_1312_TC03_DS_ChineseWallsDuringQuoting_SalesUserProfile"/>
=======
<testsuite skipped="0" hostname="INNOWAVE-429" name="delivery02.soi_1312.SOI_1312_TC03_DS_ChineseWallsDuringQuoting_SalesUserProfile" tests="5" failures="0" timestamp="27 Jul 2020 10:49:59 GMT" time="27.330" errors="0">
  <testcase name="step02" time="4.875" classname="delivery02.soi_1312.SOI_1312_TC03_DS_ChineseWallsDuringQuoting_SalesUserProfile"/>
  <testcase name="step01" time="8.730" classname="delivery02.soi_1312.SOI_1312_TC03_DS_ChineseWallsDuringQuoting_SalesUserProfile"/>
  <testcase name="step04" time="6.330" classname="delivery02.soi_1312.SOI_1312_TC03_DS_ChineseWallsDuringQuoting_SalesUserProfile"/>
  <testcase name="step03" time="6.100" classname="delivery02.soi_1312.SOI_1312_TC03_DS_ChineseWallsDuringQuoting_SalesUserProfile"/>
  <testcase name="step05" time="1.295" classname="delivery02.soi_1312.SOI_1312_TC03_DS_ChineseWallsDuringQuoting_SalesUserProfile"/>
>>>>>>> branch 'simpleOrderingAutomation' of https://github.com/LMAchas/simpleOrdering
</testsuite> <!-- delivery02.soi_1312.SOI_1312_TC03_DS_ChineseWallsDuringQuoting_SalesUserProfile -->
