<?xml version="1.0" encoding="UTF-8"?>
<!-- Generated by org.testng.reporters.JUnitReportReporter -->
<testsuite skipped="0" hostname="INNOWAVE-383" name="delivery02.soi_175.SOI_175_DS_Configure_Standalone_Internet" tests="6" failures="0" timestamp="28 jul 2020 23:50:00 GMT" time="42.084" errors="0">
  <testcase name="step06" time="9.208" classname="delivery02.soi_175.SOI_175_DS_Configure_Standalone_Internet"/>
  <testcase name="step01" time="10.374" classname="delivery02.soi_175.SOI_175_DS_Configure_Standalone_Internet"/>
  <testcase name="step03" time="7.757" classname="delivery02.soi_175.SOI_175_DS_Configure_Standalone_Internet"/>
  <testcase name="step02" time="6.929" classname="delivery02.soi_175.SOI_175_DS_Configure_Standalone_Internet"/>
  <testcase name="step04" time="6.520" classname="delivery02.soi_175.SOI_175_DS_Configure_Standalone_Internet"/>
  <testcase name="step05" time="1.296" classname="delivery02.soi_175.SOI_175_DS_Configure_Standalone_Internet"/>
</testsuite> <!-- delivery02.soi_175.SOI_175_DS_Configure_Standalone_Internet -->
