<?xml version="1.0" encoding="UTF-8"?>
<!-- Generated by org.testng.reporters.JUnitReportReporter -->
<testsuite skipped="0" hostname="INNOWAVE-383" name="delivery01.soi_68.OrderCreationForNewContract_EditCreatedOrder" tests="9" failures="0" timestamp="07 jan 2020 15:22:59 GMT" time="147.424" errors="0">
  <testcase name="step07" time="3.023" classname="delivery01.soi_68.OrderCreationForNewContract_EditCreatedOrder"/>
  <testcase name="step08" time="60.570" classname="delivery01.soi_68.OrderCreationForNewContract_EditCreatedOrder"/>
  <testcase name="step04" time="15.308" classname="delivery01.soi_68.OrderCreationForNewContract_EditCreatedOrder"/>
  <testcase name="step02" time="10.424" classname="delivery01.soi_68.OrderCreationForNewContract_EditCreatedOrder"/>
  <testcase name="step03" time="13.328" classname="delivery01.soi_68.OrderCreationForNewContract_EditCreatedOrder"/>
  <testcase name="step05" time="29.428" classname="delivery01.soi_68.OrderCreationForNewContract_EditCreatedOrder"/>
  <testcase name="step09" time="3.160" classname="delivery01.soi_68.OrderCreationForNewContract_EditCreatedOrder"/>
  <testcase name="step06" time="0.967" classname="delivery01.soi_68.OrderCreationForNewContract_EditCreatedOrder"/>
  <testcase name="step01" time="11.216" classname="delivery01.soi_68.OrderCreationForNewContract_EditCreatedOrder"/>
</testsuite> <!-- delivery01.soi_68.OrderCreationForNewContract_EditCreatedOrder -->
