<?xml version="1.0" encoding="UTF-8"?>
<!-- Generated by org.testng.reporters.JUnitReportReporter -->
<testsuite skipped="0" hostname="INNOWAVE-383" name="delivery01.soi_68.OrderCreationForNewContract_OrderCreation_From_OPTYClosure_Won_NotMobileVoice_SFPC" tests="8" failures="0" timestamp="07 jan 2020 16:36:31 GMT" time="117.327" errors="0">
  <testcase name="step06" time="46.483" classname="delivery01.soi_68.OrderCreationForNewContract_OrderCreation_From_OPTYClosure_Won_NotMobileVoice_SFPC"/>
  <testcase name="step02" time="8.624" classname="delivery01.soi_68.OrderCreationForNewContract_OrderCreation_From_OPTYClosure_Won_NotMobileVoice_SFPC"/>
  <testcase name="step01" time="10.764" classname="delivery01.soi_68.OrderCreationForNewContract_OrderCreation_From_OPTYClosure_Won_NotMobileVoice_SFPC"/>
  <testcase name="step03" time="9.459" classname="delivery01.soi_68.OrderCreationForNewContract_OrderCreation_From_OPTYClosure_Won_NotMobileVoice_SFPC"/>
  <testcase name="step08" time="0.829" classname="delivery01.soi_68.OrderCreationForNewContract_OrderCreation_From_OPTYClosure_Won_NotMobileVoice_SFPC"/>
  <testcase name="step05" time="3.009" classname="delivery01.soi_68.OrderCreationForNewContract_OrderCreation_From_OPTYClosure_Won_NotMobileVoice_SFPC"/>
  <testcase name="step07" time="30.130" classname="delivery01.soi_68.OrderCreationForNewContract_OrderCreation_From_OPTYClosure_Won_NotMobileVoice_SFPC"/>
  <testcase name="step04" time="8.029" classname="delivery01.soi_68.OrderCreationForNewContract_OrderCreation_From_OPTYClosure_Won_NotMobileVoice_SFPC"/>
</testsuite> <!-- delivery01.soi_68.OrderCreationForNewContract_OrderCreation_From_OPTYClosure_Won_NotMobileVoice_SFPC -->
