<?xml version="1.0" encoding="UTF-8"?>
<!-- Generated by org.testng.reporters.JUnitReportReporter -->
<testsuite skipped="0" hostname="INNOWAVE-383" name="delivery01.soi_66.AgreementCreation_From_Oportunity_MobileVoice" tests="6" failures="0" timestamp="11 dez 2019 12:43:33 GMT" time="48.557" errors="0">
  <testcase name="step02" time="9.710" classname="delivery01.soi_66.AgreementCreation_From_Oportunity_MobileVoice"/>
  <testcase name="step04" time="13.275" classname="delivery01.soi_66.AgreementCreation_From_Oportunity_MobileVoice"/>
  <testcase name="step03" time="10.998" classname="delivery01.soi_66.AgreementCreation_From_Oportunity_MobileVoice"/>
  <testcase name="step05" time="2.160" classname="delivery01.soi_66.AgreementCreation_From_Oportunity_MobileVoice"/>
  <testcase name="step01" time="10.804" classname="delivery01.soi_66.AgreementCreation_From_Oportunity_MobileVoice"/>
  <testcase name="step06" time="1.610" classname="delivery01.soi_66.AgreementCreation_From_Oportunity_MobileVoice"/>
</testsuite> <!-- delivery01.soi_66.AgreementCreation_From_Oportunity_MobileVoice -->
