<?xml version="1.0" encoding="UTF-8"?>
<!-- Generated by org.testng.reporters.JUnitReportReporter -->
<testsuite skipped="0" hostname="INNOWAVE-383" name="d02.SOI_2205.SOI_2205_TC04_DS_ECS_Offerings_ECS_ProPlus_PhoneLine" tests="1" failures="0" timestamp="16 dez 2020 17:17:32 GMT" time="66.572" errors="0">
  <testcase name="testCase" time="66.572" classname="d02.SOI_2205.SOI_2205_TC04_DS_ECS_Offerings_ECS_ProPlus_PhoneLine"/>
</testsuite> <!-- d02.SOI_2205.SOI_2205_TC04_DS_ECS_Offerings_ECS_ProPlus_PhoneLine -->
