<?xml version="1.0" encoding="UTF-8"?>
<!-- Generated by org.testng.reporters.JUnitReportReporter -->
<testsuite skipped="0" hostname="INNOWAVE-383" name="d02.SOI_2205.SOI_2205_TC01_DS_ECS_Offerings_ECS_Pro_EnterpriseVoice" tests="1" failures="0" timestamp="16 dez 2020 17:09:57 GMT" time="80.740" errors="0">
  <testcase name="testCase" time="80.740" classname="d02.SOI_2205.SOI_2205_TC01_DS_ECS_Offerings_ECS_Pro_EnterpriseVoice"/>
</testsuite> <!-- d02.SOI_2205.SOI_2205_TC01_DS_ECS_Offerings_ECS_Pro_EnterpriseVoice -->
