<?xml version="1.0" encoding="UTF-8"?>
<!-- Generated by org.testng.reporters.JUnitReportReporter -->
<testsuite skipped="2" hostname="INNOWAVE-383" name="delivery01.soi_68.SOI_68_TC01_OrderCreation_From_OPTYClosure_Won_MobileVoice" tests="11" failures="0" timestamp="26 abr 2020 22:16:49 GMT" time="162.559" errors="1">
  <testcase name="step10" time="0.000" classname="delivery01.soi_68.SOI_68_TC01_OrderCreation_From_OPTYClosure_Won_MobileVoice">
    <skipped/>
  </testcase> <!-- step10 -->
  <testcase name="step02" time="7.738" classname="delivery01.soi_68.SOI_68_TC01_OrderCreation_From_OPTYClosure_Won_MobileVoice"/>
  <testcase name="step07" time="21.259" classname="delivery01.soi_68.SOI_68_TC01_OrderCreation_From_OPTYClosure_Won_MobileVoice"/>
  <testcase name="step06" time="3.840" classname="delivery01.soi_68.SOI_68_TC01_OrderCreation_From_OPTYClosure_Won_MobileVoice"/>
  <testcase name="step01" time="13.006" classname="delivery01.soi_68.SOI_68_TC01_OrderCreation_From_OPTYClosure_Won_MobileVoice"/>
  <testcase name="step03" time="17.687" classname="delivery01.soi_68.SOI_68_TC01_OrderCreation_From_OPTYClosure_Won_MobileVoice"/>
  <testcase name="step11" time="0.000" classname="delivery01.soi_68.SOI_68_TC01_OrderCreation_From_OPTYClosure_Won_MobileVoice">
    <skipped/>
  </testcase> <!-- step11 -->
  <testcase name="step04" time="39.513" classname="delivery01.soi_68.SOI_68_TC01_OrderCreation_From_OPTYClosure_Won_MobileVoice"/>
  <testcase name="step08" time="3.580" classname="delivery01.soi_68.SOI_68_TC01_OrderCreation_From_OPTYClosure_Won_MobileVoice"/>
  <testcase name="step09" time="45.764" classname="delivery01.soi_68.SOI_68_TC01_OrderCreation_From_OPTYClosure_Won_MobileVoice">
    <error type="java.lang.Exception" message="Test Failed on Step 9">
      <![CDATA[java.lang.Exception: Test Failed on Step 9
at delivery01.soi_68.SOI_68_TC01_OrderCreation_From_OPTYClosure_Won_MobileVoice.step09(SOI_68_TC01_OrderCreation_From_OPTYClosure_Won_MobileVoice.java:320)
at sun.reflect.NativeMethodAccessorImpl.invoke0(Native Method)
at sun.reflect.NativeMethodAccessorImpl.invoke(NativeMethodAccessorImpl.java:62)
at sun.reflect.DelegatingMethodAccessorImpl.invoke(DelegatingMethodAccessorImpl.java:43)
at java.lang.reflect.Method.invoke(Method.java:498)
at org.testng.internal.MethodInvocationHelper.invokeMethod(MethodInvocationHelper.java:124)
at org.testng.internal.Invoker.invokeMethod(Invoker.java:583)
at org.testng.internal.Invoker.invokeTestMethod(Invoker.java:719)
at org.testng.internal.Invoker.invokeTestMethods(Invoker.java:989)
at org.testng.internal.TestMethodWorker.invokeTestMethods(TestMethodWorker.java:125)
at org.testng.internal.TestMethodWorker.run(TestMethodWorker.java:109)
at org.testng.TestRunner.privateRun(TestRunner.java:648)
at org.testng.TestRunner.run(TestRunner.java:505)
at org.testng.SuiteRunner.runTest(SuiteRunner.java:455)
at org.testng.SuiteRunner.runSequentially(SuiteRunner.java:450)
at org.testng.SuiteRunner.privateRun(SuiteRunner.java:415)
at org.testng.SuiteRunner.run(SuiteRunner.java:364)
at org.testng.SuiteRunnerWorker.runSuite(SuiteRunnerWorker.java:52)
at org.testng.SuiteRunnerWorker.run(SuiteRunnerWorker.java:84)
at org.testng.TestNG.runSuitesSequentially(TestNG.java:1208)
at org.testng.TestNG.runSuitesLocally(TestNG.java:1137)
at org.testng.TestNG.runSuites(TestNG.java:1049)
at org.testng.TestNG.run(TestNG.java:1017)
at org.testng.remote.AbstractRemoteTestNG.run(AbstractRemoteTestNG.java:115)
at org.testng.remote.RemoteTestNG.initAndRun(RemoteTestNG.java:251)
at org.testng.remote.RemoteTestNG.main(RemoteTestNG.java:77)
Caused by: java.lang.Exception: Validation Failed on Step 9
at delivery01.soi_68.SOI_68_TC01_OrderCreation_From_OPTYClosure_Won_MobileVoice.step09(SOI_68_TC01_OrderCreation_From_OPTYClosure_Won_MobileVoice.java:314)
... 25 more
]]>
    </error>
  </testcase> <!-- step09 -->
  <testcase name="step05" time="10.172" classname="delivery01.soi_68.SOI_68_TC01_OrderCreation_From_OPTYClosure_Won_MobileVoice"/>
</testsuite> <!-- delivery01.soi_68.SOI_68_TC01_OrderCreation_From_OPTYClosure_Won_MobileVoice -->
