<?xml version="1.0" encoding="UTF-8"?>
<!-- Generated by org.testng.reporters.JUnitReportReporter -->
<testsuite skipped="0" hostname="INNOWAVE-383" name="sq.J1835004000_14.J1835004000_14_TC03_StandardOpportunity_CreateProdBasket" tests="1" failures="0" timestamp="17 dez 2020 11:18:34 GMT" time="55.574" errors="0">
  <testcase name="testCase" time="55.574" classname="sq.J1835004000_14.J1835004000_14_TC03_StandardOpportunity_CreateProdBasket"/>
</testsuite> <!-- sq.J1835004000_14.J1835004000_14_TC03_StandardOpportunity_CreateProdBasket -->
