<?xml version="1.0" encoding="UTF-8"?>
<!-- Generated by org.testng.reporters.JUnitReportReporter -->
<testsuite skipped="0" hostname="INNOWAVE-383" name="delivery01.soi_66.SOI_66_TC08_PC_AgreementCreation_From_Oportunity_MobileVoice" tests="7" failures="0" timestamp="14 mar 2020 17:26:01 GMT" time="47.334" errors="0">
  <testcase name="step02" time="6.119" classname="delivery01.soi_66.SOI_66_TC08_PC_AgreementCreation_From_Oportunity_MobileVoice"/>
  <testcase name="step04" time="7.139" classname="delivery01.soi_66.SOI_66_TC08_PC_AgreementCreation_From_Oportunity_MobileVoice"/>
  <testcase name="step03" time="9.751" classname="delivery01.soi_66.SOI_66_TC08_PC_AgreementCreation_From_Oportunity_MobileVoice"/>
  <testcase name="step05" time="9.541" classname="delivery01.soi_66.SOI_66_TC08_PC_AgreementCreation_From_Oportunity_MobileVoice"/>
  <testcase name="step07" time="1.904" classname="delivery01.soi_66.SOI_66_TC08_PC_AgreementCreation_From_Oportunity_MobileVoice"/>
  <testcase name="step06" time="6.332" classname="delivery01.soi_66.SOI_66_TC08_PC_AgreementCreation_From_Oportunity_MobileVoice"/>
  <testcase name="step01" time="6.548" classname="delivery01.soi_66.SOI_66_TC08_PC_AgreementCreation_From_Oportunity_MobileVoice"/>
</testsuite> <!-- delivery01.soi_66.SOI_66_TC08_PC_AgreementCreation_From_Oportunity_MobileVoice -->
