<?xml version="1.0" encoding="UTF-8"?>
<!-- Generated by org.testng.reporters.JUnitReportReporter -->
<testsuite skipped="0" hostname="INNOWAVE-383" name="delivery01.soi_721.SOI_721_TC03_PC_MACDOrder_OrderTypeValidation" tests="8" failures="0" timestamp="02 mar 2020 00:26:52 GMT" time="56.227" errors="0">
  <testcase name="step04" time="1.430" classname="delivery01.soi_721.SOI_721_TC03_PC_MACDOrder_OrderTypeValidation"/>
  <testcase name="step07" time="30.142" classname="delivery01.soi_721.SOI_721_TC03_PC_MACDOrder_OrderTypeValidation"/>
  <testcase name="step05" time="1.249" classname="delivery01.soi_721.SOI_721_TC03_PC_MACDOrder_OrderTypeValidation"/>
  <testcase name="step01" time="7.709" classname="delivery01.soi_721.SOI_721_TC03_PC_MACDOrder_OrderTypeValidation"/>
  <testcase name="step08" time="2.487" classname="delivery01.soi_721.SOI_721_TC03_PC_MACDOrder_OrderTypeValidation"/>
  <testcase name="step06" time="3.941" classname="delivery01.soi_721.SOI_721_TC03_PC_MACDOrder_OrderTypeValidation"/>
  <testcase name="step03" time="2.275" classname="delivery01.soi_721.SOI_721_TC03_PC_MACDOrder_OrderTypeValidation"/>
  <testcase name="step02" time="6.994" classname="delivery01.soi_721.SOI_721_TC03_PC_MACDOrder_OrderTypeValidation"/>
</testsuite> <!-- delivery01.soi_721.SOI_721_TC03_PC_MACDOrder_OrderTypeValidation -->
