<?xml version="1.0" encoding="UTF-8"?>
<!-- Generated by org.testng.reporters.JUnitReportReporter -->
<testsuite skipped="0" hostname="INNOWAVE-383" name="notInclude.SOI_69_TC1_ServiceScreen_AddNewService" tests="10" failures="0" timestamp="28 fev 2020 17:52:45 GMT" time="143.691" errors="0">
  <testcase name="step06" time="4.791" classname="notInclude.SOI_69_TC1_ServiceScreen_AddNewService"/>
  <testcase name="step08" time="39.737" classname="notInclude.SOI_69_TC1_ServiceScreen_AddNewService"/>
  <testcase name="step10" time="3.492" classname="notInclude.SOI_69_TC1_ServiceScreen_AddNewService"/>
  <testcase name="step04" time="18.571" classname="notInclude.SOI_69_TC1_ServiceScreen_AddNewService"/>
  <testcase name="step03" time="17.163" classname="notInclude.SOI_69_TC1_ServiceScreen_AddNewService"/>
  <testcase name="step05" time="7.248" classname="notInclude.SOI_69_TC1_ServiceScreen_AddNewService"/>
  <testcase name="step01" time="11.960" classname="notInclude.SOI_69_TC1_ServiceScreen_AddNewService"/>
  <testcase name="step09" time="13.379" classname="notInclude.SOI_69_TC1_ServiceScreen_AddNewService"/>
  <testcase name="step02" time="7.124" classname="notInclude.SOI_69_TC1_ServiceScreen_AddNewService"/>
  <testcase name="step07" time="20.226" classname="notInclude.SOI_69_TC1_ServiceScreen_AddNewService"/>
</testsuite> <!-- notInclude.SOI_69_TC1_ServiceScreen_AddNewService -->
