<?xml version="1.0" encoding="UTF-8"?>
<!-- Generated by org.testng.reporters.JUnitReportReporter -->
<testsuite skipped="0" hostname="INNOWAVE-383" name="sq.J1835004000_64.J1835004000_64_TC02_QuickSaleOpportunity_OpportunityCreation" tests="1" failures="0" timestamp="16 dez 2020 12:20:34 GMT" time="57.089" errors="0">
  <testcase name="testCase" time="57.089" classname="sq.J1835004000_64.J1835004000_64_TC02_QuickSaleOpportunity_OpportunityCreation"/>
</testsuite> <!-- sq.J1835004000_64.J1835004000_64_TC02_QuickSaleOpportunity_OpportunityCreation -->
