<?xml version="1.0" encoding="UTF-8"?>
<!-- Generated by org.testng.reporters.JUnitReportReporter -->
<testsuite skipped="0" hostname="INNOWAVE-383" name="delivery02.soi_220.SOI_220_DS_Configure_Voice_Continuity" tests="5" failures="0" timestamp="28 jul 2020 22:51:42 GMT" time="38.678" errors="0">
  <testcase name="step01" time="14.162" classname="delivery02.soi_220.SOI_220_DS_Configure_Voice_Continuity"/>
  <testcase name="step03" time="7.710" classname="delivery02.soi_220.SOI_220_DS_Configure_Voice_Continuity"/>
  <testcase name="step02" time="9.935" classname="delivery02.soi_220.SOI_220_DS_Configure_Voice_Continuity"/>
  <testcase name="step04" time="6.870" classname="delivery02.soi_220.SOI_220_DS_Configure_Voice_Continuity"/>
  <testcase name="step05" time="0.001" classname="delivery02.soi_220.SOI_220_DS_Configure_Voice_Continuity"/>
</testsuite> <!-- delivery02.soi_220.SOI_220_DS_Configure_Voice_Continuity -->
