<?xml version="1.0" encoding="UTF-8"?>
<!-- Generated by org.testng.reporters.JUnitReportReporter -->
<testsuite skipped="0" hostname="INNOWAVE-383" name="delivery01.soi_68.OrderCreationForNewContract_OrderCreation_From_OPTYClosure_Won_MobileVoice_SFPC" tests="9" failures="0" timestamp="07 jan 2020 16:11:20 GMT" time="108.294" errors="0">
  <testcase name="step03" time="11.265" classname="delivery01.soi_68.OrderCreationForNewContract_OrderCreation_From_OPTYClosure_Won_MobileVoice_SFPC"/>
  <testcase name="step05" time="2.623" classname="delivery01.soi_68.OrderCreationForNewContract_OrderCreation_From_OPTYClosure_Won_MobileVoice_SFPC"/>
  <testcase name="step07" time="32.639" classname="delivery01.soi_68.OrderCreationForNewContract_OrderCreation_From_OPTYClosure_Won_MobileVoice_SFPC"/>
  <testcase name="step02" time="10.156" classname="delivery01.soi_68.OrderCreationForNewContract_OrderCreation_From_OPTYClosure_Won_MobileVoice_SFPC"/>
  <testcase name="step01" time="11.286" classname="delivery01.soi_68.OrderCreationForNewContract_OrderCreation_From_OPTYClosure_Won_MobileVoice_SFPC"/>
  <testcase name="step09" time="3.742" classname="delivery01.soi_68.OrderCreationForNewContract_OrderCreation_From_OPTYClosure_Won_MobileVoice_SFPC"/>
  <testcase name="step08" time="1.352" classname="delivery01.soi_68.OrderCreationForNewContract_OrderCreation_From_OPTYClosure_Won_MobileVoice_SFPC"/>
  <testcase name="step04" time="8.491" classname="delivery01.soi_68.OrderCreationForNewContract_OrderCreation_From_OPTYClosure_Won_MobileVoice_SFPC"/>
  <testcase name="step06" time="26.740" classname="delivery01.soi_68.OrderCreationForNewContract_OrderCreation_From_OPTYClosure_Won_MobileVoice_SFPC"/>
</testsuite> <!-- delivery01.soi_68.OrderCreationForNewContract_OrderCreation_From_OPTYClosure_Won_MobileVoice_SFPC -->
