<?xml version="1.0" encoding="UTF-8"?>
<!-- Generated by org.testng.reporters.JUnitReportReporter -->
<testsuite skipped="0" hostname="INNOWAVE-429" name="delivery02.soi_1312.SOI_1312_TC01_DS_ChineseWallsDuringQuoting_SalesUserProfile" tests="5" failures="0" timestamp="24 Jul 2020 13:28:42 GMT" time="26.493" errors="0">
  <testcase name="step02" time="4.286" classname="delivery02.soi_1312.SOI_1312_TC01_DS_ChineseWallsDuringQuoting_SalesUserProfile"/>
  <testcase name="step01" time="7.855" classname="delivery02.soi_1312.SOI_1312_TC01_DS_ChineseWallsDuringQuoting_SalesUserProfile"/>
  <testcase name="step05" time="0.780" classname="delivery02.soi_1312.SOI_1312_TC01_DS_ChineseWallsDuringQuoting_SalesUserProfile"/>
  <testcase name="step03" time="5.310" classname="delivery02.soi_1312.SOI_1312_TC01_DS_ChineseWallsDuringQuoting_SalesUserProfile"/>
  <testcase name="step04" time="8.262" classname="delivery02.soi_1312.SOI_1312_TC01_DS_ChineseWallsDuringQuoting_SalesUserProfile"/>
</testsuite> <!-- delivery02.soi_1312.SOI_1312_TC01_DS_ChineseWallsDuringQuoting_SalesUserProfile -->
