<?xml version="1.0" encoding="UTF-8"?>
<!-- Generated by org.testng.reporters.JUnitReportReporter -->
<testsuite skipped="0" hostname="INNOWAVE-383" name="delivery01.soi_150.SOI_150_TC1_MobileOrderIntake_MACD_Flow" tests="10" failures="0" timestamp="18 fev 2020 15:18:05 GMT" time="110.567" errors="0">
  <testcase name="step05" time="1.143" classname="delivery01.soi_150.SOI_150_TC1_MobileOrderIntake_MACD_Flow"/>
  <testcase name="step04" time="1.572" classname="delivery01.soi_150.SOI_150_TC1_MobileOrderIntake_MACD_Flow"/>
  <testcase name="step10" time="4.781" classname="delivery01.soi_150.SOI_150_TC1_MobileOrderIntake_MACD_Flow"/>
  <testcase name="step02" time="8.180" classname="delivery01.soi_150.SOI_150_TC1_MobileOrderIntake_MACD_Flow"/>
  <testcase name="step03" time="2.555" classname="delivery01.soi_150.SOI_150_TC1_MobileOrderIntake_MACD_Flow"/>
  <testcase name="step06" time="23.721" classname="delivery01.soi_150.SOI_150_TC1_MobileOrderIntake_MACD_Flow"/>
  <testcase name="step09" time="4.612" classname="delivery01.soi_150.SOI_150_TC1_MobileOrderIntake_MACD_Flow"/>
  <testcase name="step01" time="11.746" classname="delivery01.soi_150.SOI_150_TC1_MobileOrderIntake_MACD_Flow"/>
  <testcase name="step07" time="47.406" classname="delivery01.soi_150.SOI_150_TC1_MobileOrderIntake_MACD_Flow"/>
  <testcase name="step08" time="4.851" classname="delivery01.soi_150.SOI_150_TC1_MobileOrderIntake_MACD_Flow"/>
</testsuite> <!-- delivery01.soi_150.SOI_150_TC1_MobileOrderIntake_MACD_Flow -->
