<?xml version="1.0" encoding="UTF-8"?>
<!-- Generated by org.testng.reporters.JUnitReportReporter -->
<testsuite skipped="0" hostname="INNOWAVE-383" name="delivery01.soi_66.SOI_66_TC04_AgreementCreation_From_Oportunity_MobileVoice_EditAgreement" tests="7" failures="0" timestamp="17 abr 2020 09:08:43 GMT" time="116.408" errors="0">
  <testcase name="step01" time="12.649" classname="delivery01.soi_66.SOI_66_TC04_AgreementCreation_From_Oportunity_MobileVoice_EditAgreement"/>
  <testcase name="step07" time="26.813" classname="delivery01.soi_66.SOI_66_TC04_AgreementCreation_From_Oportunity_MobileVoice_EditAgreement"/>
  <testcase name="step06" time="3.929" classname="delivery01.soi_66.SOI_66_TC04_AgreementCreation_From_Oportunity_MobileVoice_EditAgreement"/>
  <testcase name="step05" time="10.566" classname="delivery01.soi_66.SOI_66_TC04_AgreementCreation_From_Oportunity_MobileVoice_EditAgreement"/>
  <testcase name="step04" time="37.170" classname="delivery01.soi_66.SOI_66_TC04_AgreementCreation_From_Oportunity_MobileVoice_EditAgreement"/>
  <testcase name="step02" time="6.982" classname="delivery01.soi_66.SOI_66_TC04_AgreementCreation_From_Oportunity_MobileVoice_EditAgreement"/>
  <testcase name="step03" time="18.299" classname="delivery01.soi_66.SOI_66_TC04_AgreementCreation_From_Oportunity_MobileVoice_EditAgreement"/>
</testsuite> <!-- delivery01.soi_66.SOI_66_TC04_AgreementCreation_From_Oportunity_MobileVoice_EditAgreement -->
