<?xml version="1.0" encoding="UTF-8"?>
<!-- Generated by org.testng.reporters.JUnitReportReporter -->
<testsuite skipped="0" hostname="INNOWAVE-383" name="delivery01.soi_68.OrderCreationForNewContract_OrderCreation_From_OPTYClosure_Won_MobileVoice" tests="7" failures="0" timestamp="07 jan 2020 13:54:45 GMT" time="80.093" errors="0">
  <testcase name="step02" time="9.594" classname="delivery01.soi_68.OrderCreationForNewContract_OrderCreation_From_OPTYClosure_Won_MobileVoice"/>
  <testcase name="step05" time="28.333" classname="delivery01.soi_68.OrderCreationForNewContract_OrderCreation_From_OPTYClosure_Won_MobileVoice"/>
  <testcase name="step07" time="3.274" classname="delivery01.soi_68.OrderCreationForNewContract_OrderCreation_From_OPTYClosure_Won_MobileVoice"/>
  <testcase name="step03" time="13.138" classname="delivery01.soi_68.OrderCreationForNewContract_OrderCreation_From_OPTYClosure_Won_MobileVoice"/>
  <testcase name="step01" time="10.686" classname="delivery01.soi_68.OrderCreationForNewContract_OrderCreation_From_OPTYClosure_Won_MobileVoice"/>
  <testcase name="step04" time="14.332" classname="delivery01.soi_68.OrderCreationForNewContract_OrderCreation_From_OPTYClosure_Won_MobileVoice"/>
  <testcase name="step06" time="0.736" classname="delivery01.soi_68.OrderCreationForNewContract_OrderCreation_From_OPTYClosure_Won_MobileVoice"/>
</testsuite> <!-- delivery01.soi_68.OrderCreationForNewContract_OrderCreation_From_OPTYClosure_Won_MobileVoice -->
