<?xml version="1.0" encoding="UTF-8"?>
<!-- Generated by org.testng.reporters.JUnitReportReporter -->
<testsuite skipped="0" hostname="INNOWAVE-383" name="delivery01.soi_68.OrderCreationForNewContract_OrderCreation_From_OPTYClosure_Won_NotMobileVoice" tests="6" failures="0" timestamp="07 jan 2020 13:56:52 GMT" time="97.921" errors="0">
  <testcase name="step02" time="10.954" classname="delivery01.soi_68.OrderCreationForNewContract_OrderCreation_From_OPTYClosure_Won_NotMobileVoice"/>
  <testcase name="step05" time="28.389" classname="delivery01.soi_68.OrderCreationForNewContract_OrderCreation_From_OPTYClosure_Won_NotMobileVoice"/>
  <testcase name="step03" time="13.678" classname="delivery01.soi_68.OrderCreationForNewContract_OrderCreation_From_OPTYClosure_Won_NotMobileVoice"/>
  <testcase name="step04" time="33.914" classname="delivery01.soi_68.OrderCreationForNewContract_OrderCreation_From_OPTYClosure_Won_NotMobileVoice"/>
  <testcase name="step01" time="10.355" classname="delivery01.soi_68.OrderCreationForNewContract_OrderCreation_From_OPTYClosure_Won_NotMobileVoice"/>
  <testcase name="step06" time="0.631" classname="delivery01.soi_68.OrderCreationForNewContract_OrderCreation_From_OPTYClosure_Won_NotMobileVoice"/>
</testsuite> <!-- delivery01.soi_68.OrderCreationForNewContract_OrderCreation_From_OPTYClosure_Won_NotMobileVoice -->
