<?xml version="1.0" encoding="UTF-8"?>
<!-- Generated by org.testng.reporters.JUnitReportReporter -->
<testsuite skipped="0" hostname="INNOWAVE-383" name="delivery01.soi_721.SOI_721_TC02_OrderTypeValidation_InOrdersListView" tests="5" failures="0" timestamp="04 mar 2020 13:14:48 GMT" time="31.137" errors="0">
  <testcase name="step04" time="2.879" classname="delivery01.soi_721.SOI_721_TC02_OrderTypeValidation_InOrdersListView"/>
  <testcase name="step01" time="13.082" classname="delivery01.soi_721.SOI_721_TC02_OrderTypeValidation_InOrdersListView"/>
  <testcase name="step03" time="7.064" classname="delivery01.soi_721.SOI_721_TC02_OrderTypeValidation_InOrdersListView"/>
  <testcase name="step05" time="0.550" classname="delivery01.soi_721.SOI_721_TC02_OrderTypeValidation_InOrdersListView"/>
  <testcase name="step02" time="7.562" classname="delivery01.soi_721.SOI_721_TC02_OrderTypeValidation_InOrdersListView"/>
</testsuite> <!-- delivery01.soi_721.SOI_721_TC02_OrderTypeValidation_InOrdersListView -->
