<?xml version="1.0" encoding="UTF-8"?>
<!-- Generated by org.testng.reporters.JUnitReportReporter -->
<testsuite skipped="0" hostname="INNOWAVE-429" name="delivery02.soi_1312.SOI_1312_TC04_DS_ChineseWallsDuringQuoting_CustomerSupportProfile" tests="5" failures="0" timestamp="27 Jul 2020 10:50:40 GMT" time="24.097" errors="0">
  <testcase name="step02" time="3.922" classname="delivery02.soi_1312.SOI_1312_TC04_DS_ChineseWallsDuringQuoting_CustomerSupportProfile"/>
  <testcase name="step01" time="7.970" classname="delivery02.soi_1312.SOI_1312_TC04_DS_ChineseWallsDuringQuoting_CustomerSupportProfile"/>
  <testcase name="step04" time="5.724" classname="delivery02.soi_1312.SOI_1312_TC04_DS_ChineseWallsDuringQuoting_CustomerSupportProfile"/>
  <testcase name="step03" time="5.250" classname="delivery02.soi_1312.SOI_1312_TC04_DS_ChineseWallsDuringQuoting_CustomerSupportProfile"/>
  <testcase name="step05" time="1.231" classname="delivery02.soi_1312.SOI_1312_TC04_DS_ChineseWallsDuringQuoting_CustomerSupportProfile"/>
</testsuite> <!-- delivery02.soi_1312.SOI_1312_TC04_DS_ChineseWallsDuringQuoting_CustomerSupportProfile -->
