<?xml version="1.0" encoding="UTF-8"?>
<!-- Generated by org.testng.reporters.JUnitReportReporter -->
<testsuite skipped="0" hostname="INNOWAVE-383" name="notInclude.LoginAndLogoutDS" tests="1" failures="0" timestamp="03 mai 2020 19:20:12 GMT" time="14.056" errors="0">
  <testcase name="step01" time="14.056" classname="notInclude.LoginAndLogoutDS"/>
</testsuite> <!-- notInclude.LoginAndLogoutDS -->
