<?xml version="1.0" encoding="UTF-8"?>
<!-- Generated by org.testng.reporters.JUnitReportReporter -->
<testsuite skipped="0" hostname="INNOWAVE-383" name="d02.SOI_1013.SOI_1013_TC02_DS_Sync_ProductBasket_ProductNotValid_NegativeTest" tests="1" failures="0" timestamp="15 dez 2020 15:45:43 GMT" time="70.073" errors="0">
  <testcase name="testCase" time="70.073" classname="d02.SOI_1013.SOI_1013_TC02_DS_Sync_ProductBasket_ProductNotValid_NegativeTest"/>
</testsuite> <!-- d02.SOI_1013.SOI_1013_TC02_DS_Sync_ProductBasket_ProductNotValid_NegativeTest -->
