<?xml version="1.0" encoding="UTF-8"?>
<!-- Generated by org.testng.reporters.JUnitReportReporter -->
<testsuite skipped="0" hostname="INNOWAVE-383" name="delivery01.soi_770.SOI_770_TC1_QuoteID2QuoteRequestID" tests="9" failures="0" timestamp="27 fev 2020 14:00:53 GMT" time="185.734" errors="0">
  <testcase name="step07" time="20.230" classname="delivery01.soi_770.SOI_770_TC1_QuoteID2QuoteRequestID"/>
  <testcase name="step03" time="16.407" classname="delivery01.soi_770.SOI_770_TC1_QuoteID2QuoteRequestID"/>
  <testcase name="step01" time="11.553" classname="delivery01.soi_770.SOI_770_TC1_QuoteID2QuoteRequestID"/>
  <testcase name="step06" time="4.503" classname="delivery01.soi_770.SOI_770_TC1_QuoteID2QuoteRequestID"/>
  <testcase name="step02" time="8.815" classname="delivery01.soi_770.SOI_770_TC1_QuoteID2QuoteRequestID"/>
  <testcase name="step05" time="7.154" classname="delivery01.soi_770.SOI_770_TC1_QuoteID2QuoteRequestID"/>
  <testcase name="step04" time="37.956" classname="delivery01.soi_770.SOI_770_TC1_QuoteID2QuoteRequestID"/>
  <testcase name="step08" time="43.283" classname="delivery01.soi_770.SOI_770_TC1_QuoteID2QuoteRequestID"/>
  <testcase name="step09" time="35.833" classname="delivery01.soi_770.SOI_770_TC1_QuoteID2QuoteRequestID"/>
</testsuite> <!-- delivery01.soi_770.SOI_770_TC1_QuoteID2QuoteRequestID -->
