<?xml version="1.0" encoding="UTF-8"?>
<!-- Generated by org.testng.reporters.JUnitReportReporter -->
<testsuite hostname="INNOWAVE-383" failures="0" tests="1" name="testingFrameworkPackage.GeneralTestingClassD03" time="65.559" errors="0" timestamp="15 jan 2021 09:35:31 GMT" skipped="0">
  <testcase classname="testingFrameworkPackage.GeneralTestingClassD03" name="ProductInProductBasket" time="65.559"/>
</testsuite> <!-- testingFrameworkPackage.GeneralTestingClassD03 -->
