<?xml version="1.0" encoding="UTF-8"?>
<!-- Generated by org.testng.reporters.JUnitReportReporter -->
<testsuite skipped="0" hostname="INNOWAVE-383" name="delivery01.soi_880.SOI_880_TC01_CaseRouting_NewContractFlow" tests="14" failures="0" timestamp="06 mar 2020 19:36:15 GMT" time="213.087" errors="1">
  <testcase name="step06" time="4.325" classname="delivery01.soi_880.SOI_880_TC01_CaseRouting_NewContractFlow"/>
  <testcase name="step08" time="41.974" classname="delivery01.soi_880.SOI_880_TC01_CaseRouting_NewContractFlow"/>
  <testcase name="step01" time="12.854" classname="delivery01.soi_880.SOI_880_TC01_CaseRouting_NewContractFlow"/>
  <testcase name="step11" time="8.637" classname="delivery01.soi_880.SOI_880_TC01_CaseRouting_NewContractFlow"/>
  <testcase name="step13" time="4.554" classname="delivery01.soi_880.SOI_880_TC01_CaseRouting_NewContractFlow"/>
  <testcase name="step07" time="21.460" classname="delivery01.soi_880.SOI_880_TC01_CaseRouting_NewContractFlow"/>
  <testcase name="step02" time="8.487" classname="delivery01.soi_880.SOI_880_TC01_CaseRouting_NewContractFlow"/>
  <testcase name="step12" time="4.560" classname="delivery01.soi_880.SOI_880_TC01_CaseRouting_NewContractFlow"/>
  <testcase name="step03" time="17.802" classname="delivery01.soi_880.SOI_880_TC01_CaseRouting_NewContractFlow"/>
  <testcase name="step04" time="39.779" classname="delivery01.soi_880.SOI_880_TC01_CaseRouting_NewContractFlow"/>
  <testcase name="step05" time="7.125" classname="delivery01.soi_880.SOI_880_TC01_CaseRouting_NewContractFlow"/>
  <testcase name="step09" time="35.908" classname="delivery01.soi_880.SOI_880_TC01_CaseRouting_NewContractFlow"/>
  <testcase name="step10" time="4.296" classname="delivery01.soi_880.SOI_880_TC01_CaseRouting_NewContractFlow"/>
  <testcase name="step14" time="1.326" classname="delivery01.soi_880.SOI_880_TC01_CaseRouting_NewContractFlow">
    <error type="java.lang.Exception" message="Test Failed on Step 14">
      <![CDATA[java.lang.Exception: Test Failed on Step 14
at delivery01.soi_880.SOI_880_TC01_CaseRouting_NewContractFlow.step14(SOI_880_TC01_CaseRouting_NewContractFlow.java:604)
at sun.reflect.NativeMethodAccessorImpl.invoke0(Native Method)
at sun.reflect.NativeMethodAccessorImpl.invoke(NativeMethodAccessorImpl.java:62)
at sun.reflect.DelegatingMethodAccessorImpl.invoke(DelegatingMethodAccessorImpl.java:43)
at java.lang.reflect.Method.invoke(Method.java:498)
at org.testng.internal.MethodInvocationHelper.invokeMethod(MethodInvocationHelper.java:124)
at org.testng.internal.Invoker.invokeMethod(Invoker.java:583)
at org.testng.internal.Invoker.invokeTestMethod(Invoker.java:719)
at org.testng.internal.Invoker.invokeTestMethods(Invoker.java:989)
at org.testng.internal.TestMethodWorker.invokeTestMethods(TestMethodWorker.java:125)
at org.testng.internal.TestMethodWorker.run(TestMethodWorker.java:109)
at org.testng.TestRunner.privateRun(TestRunner.java:648)
at org.testng.TestRunner.run(TestRunner.java:505)
at org.testng.SuiteRunner.runTest(SuiteRunner.java:455)
at org.testng.SuiteRunner.runSequentially(SuiteRunner.java:450)
at org.testng.SuiteRunner.privateRun(SuiteRunner.java:415)
at org.testng.SuiteRunner.run(SuiteRunner.java:364)
at org.testng.SuiteRunnerWorker.runSuite(SuiteRunnerWorker.java:52)
at org.testng.SuiteRunnerWorker.run(SuiteRunnerWorker.java:84)
at org.testng.TestNG.runSuitesSequentially(TestNG.java:1208)
at org.testng.TestNG.runSuitesLocally(TestNG.java:1137)
at org.testng.TestNG.runSuites(TestNG.java:1049)
at org.testng.TestNG.run(TestNG.java:1017)
at org.testng.remote.AbstractRemoteTestNG.run(AbstractRemoteTestNG.java:115)
at org.testng.remote.RemoteTestNG.initAndRun(RemoteTestNG.java:251)
at org.testng.remote.RemoteTestNG.main(RemoteTestNG.java:77)
Caused by: java.lang.Exception: Validation Failed on Step 14
at delivery01.soi_880.SOI_880_TC01_CaseRouting_NewContractFlow.step14(SOI_880_TC01_CaseRouting_NewContractFlow.java:598)
... 25 more
]]>
    </error>
  </testcase> <!-- step14 -->
</testsuite> <!-- delivery01.soi_880.SOI_880_TC01_CaseRouting_NewContractFlow -->
