<?xml version="1.0" encoding="UTF-8"?>
<!-- Generated by org.testng.reporters.JUnitReportReporter -->
<testsuite skipped="0" hostname="INNOWAVE-383" name="delivery01.soi_76.SOI_76_TC1_MobileOrderIntake_CaseCreation" tests="13" failures="0" timestamp="21 fev 2020 22:13:59 GMT" time="189.653" errors="0">
  <testcase name="step06" time="4.468" classname="delivery01.soi_76.SOI_76_TC1_MobileOrderIntake_CaseCreation"/>
  <testcase name="step03" time="17.124" classname="delivery01.soi_76.SOI_76_TC1_MobileOrderIntake_CaseCreation"/>
  <testcase name="step08" time="44.015" classname="delivery01.soi_76.SOI_76_TC1_MobileOrderIntake_CaseCreation"/>
  <testcase name="step11" time="6.115" classname="delivery01.soi_76.SOI_76_TC1_MobileOrderIntake_CaseCreation"/>
  <testcase name="step09" time="15.117" classname="delivery01.soi_76.SOI_76_TC1_MobileOrderIntake_CaseCreation"/>
  <testcase name="step01" time="11.274" classname="delivery01.soi_76.SOI_76_TC1_MobileOrderIntake_CaseCreation"/>
  <testcase name="step12" time="7.206" classname="delivery01.soi_76.SOI_76_TC1_MobileOrderIntake_CaseCreation"/>
  <testcase name="step02" time="6.936" classname="delivery01.soi_76.SOI_76_TC1_MobileOrderIntake_CaseCreation"/>
  <testcase name="step04" time="38.299" classname="delivery01.soi_76.SOI_76_TC1_MobileOrderIntake_CaseCreation"/>
  <testcase name="step13" time="4.663" classname="delivery01.soi_76.SOI_76_TC1_MobileOrderIntake_CaseCreation"/>
  <testcase name="step05" time="7.182" classname="delivery01.soi_76.SOI_76_TC1_MobileOrderIntake_CaseCreation"/>
  <testcase name="step07" time="22.114" classname="delivery01.soi_76.SOI_76_TC1_MobileOrderIntake_CaseCreation"/>
  <testcase name="step10" time="5.140" classname="delivery01.soi_76.SOI_76_TC1_MobileOrderIntake_CaseCreation"/>
</testsuite> <!-- delivery01.soi_76.SOI_76_TC1_MobileOrderIntake_CaseCreation -->
