<?xml version="1.0" encoding="UTF-8"?>
<!-- Generated by org.testng.reporters.JUnitReportReporter -->
<testsuite skipped="0" hostname="INNOWAVE-383" name="notInclude.AddSameFile2Agreement" tests="2" failures="0" timestamp="23 fev 2020 16:40:29 GMT" time="24.282" errors="0">
  <testcase name="step01" time="11.218" classname="notInclude.AddSameFile2Agreement"/>
  <testcase name="step02" time="13.064" classname="notInclude.AddSameFile2Agreement"/>
</testsuite> <!-- notInclude.AddSameFile2Agreement -->
