<?xml version="1.0" encoding="UTF-8"?>
<!-- Generated by org.testng.reporters.JUnitReportReporter -->
<testsuite skipped="0" hostname="INNOWAVE-383" name="delivery01.soi_66.SOI_66_TC12_PC_AgreementCreation_Add_File_2_Agreement" tests="8" failures="0" timestamp="14 mar 2020 17:48:51 GMT" time="97.641" errors="0">
  <testcase name="step01" time="9.308" classname="delivery01.soi_66.SOI_66_TC12_PC_AgreementCreation_Add_File_2_Agreement"/>
  <testcase name="step06" time="7.716" classname="delivery01.soi_66.SOI_66_TC12_PC_AgreementCreation_Add_File_2_Agreement"/>
  <testcase name="step03" time="11.352" classname="delivery01.soi_66.SOI_66_TC12_PC_AgreementCreation_Add_File_2_Agreement"/>
  <testcase name="step04" time="9.307" classname="delivery01.soi_66.SOI_66_TC12_PC_AgreementCreation_Add_File_2_Agreement"/>
  <testcase name="step07" time="1.905" classname="delivery01.soi_66.SOI_66_TC12_PC_AgreementCreation_Add_File_2_Agreement"/>
  <testcase name="step02" time="6.337" classname="delivery01.soi_66.SOI_66_TC12_PC_AgreementCreation_Add_File_2_Agreement"/>
  <testcase name="step08" time="22.047" classname="delivery01.soi_66.SOI_66_TC12_PC_AgreementCreation_Add_File_2_Agreement"/>
  <testcase name="step05" time="29.669" classname="delivery01.soi_66.SOI_66_TC12_PC_AgreementCreation_Add_File_2_Agreement"/>
</testsuite> <!-- delivery01.soi_66.SOI_66_TC12_PC_AgreementCreation_Add_File_2_Agreement -->
