<?xml version="1.0" encoding="UTF-8"?>
<!-- Generated by org.testng.reporters.JUnitReportReporter -->
<testsuite skipped="0" hostname="INNOWAVE-383" name="delivery01.soi_70.OrderCreation_For_MACD_OrderCreation_SFPC" tests="4" failures="0" timestamp="10 dez 2019 08:34:26 GMT" time="22.546" errors="0">
  <testcase name="step02" time="6.879" classname="delivery01.soi_70.OrderCreation_For_MACD_OrderCreation_SFPC"/>
  <testcase name="step04" time="2.631" classname="delivery01.soi_70.OrderCreation_For_MACD_OrderCreation_SFPC"/>
  <testcase name="step01" time="7.984" classname="delivery01.soi_70.OrderCreation_For_MACD_OrderCreation_SFPC"/>
  <testcase name="step03" time="5.052" classname="delivery01.soi_70.OrderCreation_For_MACD_OrderCreation_SFPC"/>
</testsuite> <!-- delivery01.soi_70.OrderCreation_For_MACD_OrderCreation_SFPC -->
