<?xml version="1.0" encoding="UTF-8"?>
<!-- Generated by org.testng.reporters.JUnitReportReporter -->
<testsuite skipped="0" hostname="INNOWAVE-383" name="delivery01.soi_68.OrderCreationForNewContract_EditCreatedOrder_SFPC" tests="10" failures="0" timestamp="07 jan 2020 17:09:06 GMT" time="100.464" errors="0">
  <testcase name="step03" time="10.675" classname="delivery01.soi_68.OrderCreationForNewContract_EditCreatedOrder_SFPC"/>
  <testcase name="step05" time="2.532" classname="delivery01.soi_68.OrderCreationForNewContract_EditCreatedOrder_SFPC"/>
  <testcase name="step07" time="28.725" classname="delivery01.soi_68.OrderCreationForNewContract_EditCreatedOrder_SFPC"/>
  <testcase name="step02" time="5.975" classname="delivery01.soi_68.OrderCreationForNewContract_EditCreatedOrder_SFPC"/>
  <testcase name="step01" time="10.265" classname="delivery01.soi_68.OrderCreationForNewContract_EditCreatedOrder_SFPC"/>
  <testcase name="step08" time="1.376" classname="delivery01.soi_68.OrderCreationForNewContract_EditCreatedOrder_SFPC"/>
  <testcase name="step10" time="2.805" classname="delivery01.soi_68.OrderCreationForNewContract_EditCreatedOrder_SFPC"/>
  <testcase name="step04" time="7.929" classname="delivery01.soi_68.OrderCreationForNewContract_EditCreatedOrder_SFPC"/>
  <testcase name="step09" time="2.799" classname="delivery01.soi_68.OrderCreationForNewContract_EditCreatedOrder_SFPC"/>
  <testcase name="step06" time="27.383" classname="delivery01.soi_68.OrderCreationForNewContract_EditCreatedOrder_SFPC"/>
</testsuite> <!-- delivery01.soi_68.OrderCreationForNewContract_EditCreatedOrder_SFPC -->
