<?xml version="1.0" encoding="UTF-8"?>
<!-- Generated by org.testng.reporters.JUnitReportReporter -->
<testsuite skipped="0" hostname="INNOWAVE-383" name="delivery01.soi_770.SOI_770_TC2_PC_QuoteID2QuoteRequestID" tests="10" failures="0" timestamp="27 fev 2020 14:21:10 GMT" time="140.215" errors="0">
  <testcase name="step10" time="15.200" classname="delivery01.soi_770.SOI_770_TC2_PC_QuoteID2QuoteRequestID"/>
  <testcase name="step04" time="8.078" classname="delivery01.soi_770.SOI_770_TC2_PC_QuoteID2QuoteRequestID"/>
  <testcase name="step06" time="15.574" classname="delivery01.soi_770.SOI_770_TC2_PC_QuoteID2QuoteRequestID"/>
  <testcase name="step01" time="9.015" classname="delivery01.soi_770.SOI_770_TC2_PC_QuoteID2QuoteRequestID"/>
  <testcase name="step02" time="6.239" classname="delivery01.soi_770.SOI_770_TC2_PC_QuoteID2QuoteRequestID"/>
  <testcase name="step03" time="9.043" classname="delivery01.soi_770.SOI_770_TC2_PC_QuoteID2QuoteRequestID"/>
  <testcase name="step05" time="2.414" classname="delivery01.soi_770.SOI_770_TC2_PC_QuoteID2QuoteRequestID"/>
  <testcase name="step07" time="71.952" classname="delivery01.soi_770.SOI_770_TC2_PC_QuoteID2QuoteRequestID"/>
  <testcase name="step08" time="0.686" classname="delivery01.soi_770.SOI_770_TC2_PC_QuoteID2QuoteRequestID"/>
  <testcase name="step09" time="2.014" classname="delivery01.soi_770.SOI_770_TC2_PC_QuoteID2QuoteRequestID"/>
</testsuite> <!-- delivery01.soi_770.SOI_770_TC2_PC_QuoteID2QuoteRequestID -->
