<?xml version="1.0" encoding="UTF-8"?>
<!-- Generated by org.testng.reporters.JUnitReportReporter -->
<testsuite skipped="0" hostname="INNOWAVE-383" name="sq.J1835004000_14.J1835004000_14_TC05_QuickSaleOpportunity_EditOpportunity_NoProdBasket" tests="1" failures="0" timestamp="14 dez 2020 18:22:15 GMT" time="73.496" errors="0">
  <testcase name="testCase" time="73.496" classname="sq.J1835004000_14.J1835004000_14_TC05_QuickSaleOpportunity_EditOpportunity_NoProdBasket"/>
</testsuite> <!-- sq.J1835004000_14.J1835004000_14_TC05_QuickSaleOpportunity_EditOpportunity_NoProdBasket -->
