<?xml version="1.0" encoding="UTF-8"?>
<!-- Generated by org.testng.reporters.JUnitReportReporter -->
<testsuite skipped="0" hostname="INNOWAVE-429" name="delivery01.soi_273.SOI_273_TC01_NoContactPerson_SalesUser" tests="5" failures="0" timestamp="30 Jul 2020 13:17:00 GMT" time="59.901" errors="0">
  <testcase name="step02" time="4.402" classname="delivery01.soi_273.SOI_273_TC01_NoContactPerson_SalesUser"/>
  <testcase name="step01" time="7.338" classname="delivery01.soi_273.SOI_273_TC01_NoContactPerson_SalesUser"/>
  <testcase name="step05" time="2.625" classname="delivery01.soi_273.SOI_273_TC01_NoContactPerson_SalesUser"/>
  <testcase name="step03" time="12.936" classname="delivery01.soi_273.SOI_273_TC01_NoContactPerson_SalesUser"/>
  <testcase name="step04" time="32.600" classname="delivery01.soi_273.SOI_273_TC01_NoContactPerson_SalesUser"/>
</testsuite> <!-- delivery01.soi_273.SOI_273_TC01_NoContactPerson_SalesUser -->
