<?xml version="1.0" encoding="UTF-8"?>
<!-- Generated by org.testng.reporters.JUnitReportReporter -->
<testsuite skipped="0" hostname="INNOWAVE-383" name="delivery01.soi_721.SOI_721_TC01_MACDOrder_OrderTypeValidation" tests="8" failures="0" timestamp="02 mar 2020 00:49:30 GMT" time="106.684" errors="0">
  <testcase name="step02" time="9.259" classname="delivery01.soi_721.SOI_721_TC01_MACDOrder_OrderTypeValidation"/>
  <testcase name="step04" time="1.941" classname="delivery01.soi_721.SOI_721_TC01_MACDOrder_OrderTypeValidation"/>
  <testcase name="step05" time="1.300" classname="delivery01.soi_721.SOI_721_TC01_MACDOrder_OrderTypeValidation"/>
  <testcase name="step07" time="48.486" classname="delivery01.soi_721.SOI_721_TC01_MACDOrder_OrderTypeValidation"/>
  <testcase name="step08" time="5.556" classname="delivery01.soi_721.SOI_721_TC01_MACDOrder_OrderTypeValidation"/>
  <testcase name="step06" time="24.389" classname="delivery01.soi_721.SOI_721_TC01_MACDOrder_OrderTypeValidation"/>
  <testcase name="step01" time="12.646" classname="delivery01.soi_721.SOI_721_TC01_MACDOrder_OrderTypeValidation"/>
  <testcase name="step03" time="3.107" classname="delivery01.soi_721.SOI_721_TC01_MACDOrder_OrderTypeValidation"/>
</testsuite> <!-- delivery01.soi_721.SOI_721_TC01_MACDOrder_OrderTypeValidation -->
