<?xml version="1.0" encoding="UTF-8"?>
<!-- Generated by org.testng.reporters.JUnitReportReporter -->
<testsuite skipped="0" hostname="INNOWAVE-383" name="delivery01.soi_66.AgreementCreation_From_Oportunity_MobileVoice_Negative" tests="5" failures="0" timestamp="05 fev 2020 14:01:22 GMT" time="68.050" errors="0">
  <testcase name="step04" time="34.761" classname="delivery01.soi_66.AgreementCreation_From_Oportunity_MobileVoice_Negative"/>
  <testcase name="step03" time="14.064" classname="delivery01.soi_66.AgreementCreation_From_Oportunity_MobileVoice_Negative"/>
  <testcase name="step01" time="9.720" classname="delivery01.soi_66.AgreementCreation_From_Oportunity_MobileVoice_Negative"/>
  <testcase name="step02" time="8.352" classname="delivery01.soi_66.AgreementCreation_From_Oportunity_MobileVoice_Negative"/>
  <testcase name="step05" time="1.153" classname="delivery01.soi_66.AgreementCreation_From_Oportunity_MobileVoice_Negative"/>
</testsuite> <!-- delivery01.soi_66.AgreementCreation_From_Oportunity_MobileVoice_Negative -->
