<?xml version="1.0" encoding="UTF-8"?>
<!-- Generated by org.testng.reporters.JUnitReportReporter -->
<testsuite skipped="0" hostname="INNOWAVE-383" name="sq.J1835004000_14.SQ_J1835004000_14_Quick_Sale_Opportunity_CreateProdBasket" tests="1" failures="0" timestamp="14 dez 2020 10:55:48 GMT" time="74.001" errors="0">
  <testcase name="testCase" time="74.001" classname="sq.J1835004000_14.SQ_J1835004000_14_Quick_Sale_Opportunity_CreateProdBasket"/>
</testsuite> <!-- sq.J1835004000_14.SQ_J1835004000_14_Quick_Sale_Opportunity_CreateProdBasket -->
