<?xml version="1.0" encoding="UTF-8"?>
<!-- Generated by org.testng.reporters.JUnitReportReporter -->
<testsuite skipped="0" hostname="INNOWAVE-383" name="delivery01.soi_68.SOI_68_TC5_PC_OrderCreation_From_OPTYClosure_Won_MobileVoice" tests="11" failures="0" timestamp="22 abr 2020 23:33:03 GMT" time="98.354" errors="0">
  <testcase name="step01" time="8.152" classname="delivery01.soi_68.SOI_68_TC5_PC_OrderCreation_From_OPTYClosure_Won_MobileVoice"/>
  <testcase name="step11" time="0.822" classname="delivery01.soi_68.SOI_68_TC5_PC_OrderCreation_From_OPTYClosure_Won_MobileVoice"/>
  <testcase name="step10" time="27.176" classname="delivery01.soi_68.SOI_68_TC5_PC_OrderCreation_From_OPTYClosure_Won_MobileVoice"/>
  <testcase name="step03" time="9.014" classname="delivery01.soi_68.SOI_68_TC5_PC_OrderCreation_From_OPTYClosure_Won_MobileVoice"/>
  <testcase name="step06" time="6.256" classname="delivery01.soi_68.SOI_68_TC5_PC_OrderCreation_From_OPTYClosure_Won_MobileVoice"/>
  <testcase name="step05" time="9.451" classname="delivery01.soi_68.SOI_68_TC5_PC_OrderCreation_From_OPTYClosure_Won_MobileVoice"/>
  <testcase name="step09" time="2.280" classname="delivery01.soi_68.SOI_68_TC5_PC_OrderCreation_From_OPTYClosure_Won_MobileVoice"/>
  <testcase name="step02" time="5.632" classname="delivery01.soi_68.SOI_68_TC5_PC_OrderCreation_From_OPTYClosure_Won_MobileVoice"/>
  <testcase name="step07" time="1.719" classname="delivery01.soi_68.SOI_68_TC5_PC_OrderCreation_From_OPTYClosure_Won_MobileVoice"/>
  <testcase name="step08" time="20.457" classname="delivery01.soi_68.SOI_68_TC5_PC_OrderCreation_From_OPTYClosure_Won_MobileVoice"/>
  <testcase name="step04" time="7.395" classname="delivery01.soi_68.SOI_68_TC5_PC_OrderCreation_From_OPTYClosure_Won_MobileVoice"/>
</testsuite> <!-- delivery01.soi_68.SOI_68_TC5_PC_OrderCreation_From_OPTYClosure_Won_MobileVoice -->
