<?xml version="1.0" encoding="UTF-8"?>
<!-- Generated by org.testng.reporters.JUnitReportReporter -->
<testsuite skipped="0" hostname="INNOWAVE-383" name="delivery01.soi_68.SOI_68_TC8_PC_OrderCreationForNewContract_NegativeValidation_ManualCreation" tests="3" failures="0" timestamp="27 abr 2020 17:02:05 GMT" time="38.242" errors="0">
  <testcase name="step01" time="9.564" classname="delivery01.soi_68.SOI_68_TC8_PC_OrderCreationForNewContract_NegativeValidation_ManualCreation"/>
  <testcase name="step03" time="22.236" classname="delivery01.soi_68.SOI_68_TC8_PC_OrderCreationForNewContract_NegativeValidation_ManualCreation"/>
  <testcase name="step02" time="6.442" classname="delivery01.soi_68.SOI_68_TC8_PC_OrderCreationForNewContract_NegativeValidation_ManualCreation"/>
</testsuite> <!-- delivery01.soi_68.SOI_68_TC8_PC_OrderCreationForNewContract_NegativeValidation_ManualCreation -->
