<?xml version="1.0" encoding="UTF-8"?>
<!-- Generated by org.testng.reporters.JUnitReportReporter -->
<testsuite skipped="0" hostname="INNOWAVE-383" name="delivery02.soi_1312.SOI_1312_TC03_DS_ChineseWallsDuringQuoting_SalesUserProfile" tests="3" failures="0" timestamp="14 jul 2020 17:21:38 GMT" time="35.648" errors="0">
  <testcase name="step03" time="10.600" classname="delivery02.soi_1312.SOI_1312_TC03_DS_ChineseWallsDuringQuoting_SalesUserProfile"/>
  <testcase name="step02" time="10.244" classname="delivery02.soi_1312.SOI_1312_TC03_DS_ChineseWallsDuringQuoting_SalesUserProfile"/>
  <testcase name="step01" time="14.804" classname="delivery02.soi_1312.SOI_1312_TC03_DS_ChineseWallsDuringQuoting_SalesUserProfile"/>
</testsuite> <!-- delivery02.soi_1312.SOI_1312_TC03_DS_ChineseWallsDuringQuoting_SalesUserProfile -->
