<?xml version="1.0" encoding="UTF-8"?>
<!-- Generated by org.testng.reporters.JUnitReportReporter -->
<testsuite hostname="INNOWAVE-383" failures="0" tests="1" name="d02.SOI_2205.SOI_2205_TC08_PC_ECS_Offerings_ECS_Pro_EnterpriseVoice" time="67.786" errors="0" timestamp="20 jan 2021 10:53:02 GMT" skipped="0">
  <testcase classname="d02.SOI_2205.SOI_2205_TC08_PC_ECS_Offerings_ECS_Pro_EnterpriseVoice" name="testCase" time="67.786"/>
</testsuite> <!-- d02.SOI_2205.SOI_2205_TC08_PC_ECS_Offerings_ECS_Pro_EnterpriseVoice -->
