<?xml version="1.0" encoding="UTF-8"?>
<!-- Generated by org.testng.reporters.JUnitReportReporter -->
<testsuite skipped="0" hostname="INNOWAVE-383" name="sq.J1835004000_14.J1835004000_14_TC01_QuickSaleOpportunity_CreateProdBasket" tests="1" failures="0" timestamp="16 dez 2020 12:12:03 GMT" time="68.657" errors="0">
  <testcase name="testCase" time="68.657" classname="sq.J1835004000_14.J1835004000_14_TC01_QuickSaleOpportunity_CreateProdBasket"/>
</testsuite> <!-- sq.J1835004000_14.J1835004000_14_TC01_QuickSaleOpportunity_CreateProdBasket -->
