<?xml version="1.0" encoding="UTF-8"?>
<!-- Generated by org.testng.reporters.JUnitReportReporter -->
<testsuite skipped="0" hostname="INNOWAVE-383" name="delivery01.soi_66.SOI_66_TC02_AgreementCreation_Opportunity_Product_Not_MobileVoice" tests="5" failures="0" timestamp="13 mar 2020 18:59:52 GMT" time="129.349" errors="0">
  <testcase name="step05" time="31.296" classname="delivery01.soi_66.SOI_66_TC02_AgreementCreation_Opportunity_Product_Not_MobileVoice"/>
  <testcase name="step02" time="10.142" classname="delivery01.soi_66.SOI_66_TC02_AgreementCreation_Opportunity_Product_Not_MobileVoice"/>
  <testcase name="step04" time="43.653" classname="delivery01.soi_66.SOI_66_TC02_AgreementCreation_Opportunity_Product_Not_MobileVoice"/>
  <testcase name="step03" time="26.271" classname="delivery01.soi_66.SOI_66_TC02_AgreementCreation_Opportunity_Product_Not_MobileVoice"/>
  <testcase name="step01" time="17.987" classname="delivery01.soi_66.SOI_66_TC02_AgreementCreation_Opportunity_Product_Not_MobileVoice"/>
</testsuite> <!-- delivery01.soi_66.SOI_66_TC02_AgreementCreation_Opportunity_Product_Not_MobileVoice -->
