<?xml version="1.0" encoding="UTF-8"?>
<!-- Generated by org.testng.reporters.JUnitReportReporter -->
<testsuite hostname="INNOWAVE-383" failures="0" tests="1" name="d03.SOI_3566.SOI_3566_TC02_PC_ProductModellingSingleProducts" time="57.176" errors="0" timestamp="21 jan 2021 11:02:49 GMT" skipped="0">
  <testcase classname="d03.SOI_3566.SOI_3566_TC02_PC_ProductModellingSingleProducts" name="testCase" time="57.176"/>
</testsuite> <!-- d03.SOI_3566.SOI_3566_TC02_PC_ProductModellingSingleProducts -->
