<?xml version="1.0" encoding="UTF-8"?>
<!-- Generated by org.testng.reporters.JUnitReportReporter -->
<testsuite skipped="0" hostname="INNOWAVE-383" name="delivery01.soi_66.AgreementCreation_From_Oportunity_MobileVoice_SFPC" tests="7" failures="0" timestamp="10 dez 2019 14:16:20 GMT" time="54.984" errors="0">
  <testcase name="step04" time="9.150" classname="delivery01.soi_66.AgreementCreation_From_Oportunity_MobileVoice_SFPC"/>
  <testcase name="step06" time="11.822" classname="delivery01.soi_66.AgreementCreation_From_Oportunity_MobileVoice_SFPC"/>
  <testcase name="step01" time="9.278" classname="delivery01.soi_66.AgreementCreation_From_Oportunity_MobileVoice_SFPC"/>
  <testcase name="step03" time="11.663" classname="delivery01.soi_66.AgreementCreation_From_Oportunity_MobileVoice_SFPC"/>
  <testcase name="step07" time="2.766" classname="delivery01.soi_66.AgreementCreation_From_Oportunity_MobileVoice_SFPC"/>
  <testcase name="step05" time="2.773" classname="delivery01.soi_66.AgreementCreation_From_Oportunity_MobileVoice_SFPC"/>
  <testcase name="step02" time="7.532" classname="delivery01.soi_66.AgreementCreation_From_Oportunity_MobileVoice_SFPC"/>
</testsuite> <!-- delivery01.soi_66.AgreementCreation_From_Oportunity_MobileVoice_SFPC -->
