<?xml version="1.0" encoding="UTF-8"?>
<!-- Generated by org.testng.reporters.JUnitReportReporter -->
<testsuite skipped="0" hostname="INNOWAVE-383" name="delivery01.soi_69.ServiceScreen_AddNewService" tests="7" failures="0" timestamp="09 jan 2020 12:36:22 GMT" time="86.355" errors="0">
  <testcase name="step01" time="9.901" classname="delivery01.soi_69.ServiceScreen_AddNewService"/>
  <testcase name="step07" time="18.566" classname="delivery01.soi_69.ServiceScreen_AddNewService"/>
  <testcase name="step03" time="12.627" classname="delivery01.soi_69.ServiceScreen_AddNewService"/>
  <testcase name="step06" time="1.677" classname="delivery01.soi_69.ServiceScreen_AddNewService"/>
  <testcase name="step04" time="32.627" classname="delivery01.soi_69.ServiceScreen_AddNewService"/>
  <testcase name="step02" time="8.930" classname="delivery01.soi_69.ServiceScreen_AddNewService"/>
  <testcase name="step05" time="2.027" classname="delivery01.soi_69.ServiceScreen_AddNewService"/>
</testsuite> <!-- delivery01.soi_69.ServiceScreen_AddNewService -->
