<?xml version="1.0" encoding="UTF-8"?>
<!-- Generated by org.testng.reporters.JUnitReportReporter -->
<testsuite skipped="0" hostname="INNOWAVE-383" name="delivery01.soi_68.SOI_68_TC8_PC_OrderCreationForNewContract_NegativeValidation_ManualCreation" tests="7" failures="0" timestamp="26 abr 2020 18:10:07 GMT" time="92.183" errors="0">
  <testcase name="step05" time="11.423" classname="delivery01.soi_68.SOI_68_TC8_PC_OrderCreationForNewContract_NegativeValidation_ManualCreation"/>
  <testcase name="step03" time="10.637" classname="delivery01.soi_68.SOI_68_TC8_PC_OrderCreationForNewContract_NegativeValidation_ManualCreation"/>
  <testcase name="step01" time="10.216" classname="delivery01.soi_68.SOI_68_TC8_PC_OrderCreationForNewContract_NegativeValidation_ManualCreation"/>
  <testcase name="step06" time="26.874" classname="delivery01.soi_68.SOI_68_TC8_PC_OrderCreationForNewContract_NegativeValidation_ManualCreation"/>
  <testcase name="step02" time="5.814" classname="delivery01.soi_68.SOI_68_TC8_PC_OrderCreationForNewContract_NegativeValidation_ManualCreation"/>
  <testcase name="step04" time="6.683" classname="delivery01.soi_68.SOI_68_TC8_PC_OrderCreationForNewContract_NegativeValidation_ManualCreation"/>
  <testcase name="step07" time="20.536" classname="delivery01.soi_68.SOI_68_TC8_PC_OrderCreationForNewContract_NegativeValidation_ManualCreation"/>
</testsuite> <!-- delivery01.soi_68.SOI_68_TC8_PC_OrderCreationForNewContract_NegativeValidation_ManualCreation -->
