<?xml version="1.0" encoding="UTF-8"?>
<!-- Generated by org.testng.reporters.JUnitReportReporter -->
<testsuite skipped="0" hostname="INNOWAVE-383" name="notInclude.TestingMACDJSQuery" tests="2" failures="0" timestamp="17 mar 2020 09:17:14 GMT" time="16.387" errors="0">
  <testcase name="step02" time="3.657" classname="notInclude.TestingMACDJSQuery"/>
  <testcase name="step01" time="12.730" classname="notInclude.TestingMACDJSQuery"/>
</testsuite> <!-- notInclude.TestingMACDJSQuery -->
