<?xml version="1.0" encoding="UTF-8"?>
<!-- Generated by org.testng.reporters.JUnitReportReporter -->
<testsuite skipped="0" hostname="INNOWAVE-383" name="notInclude.ServiceValidation_SOI770" tests="2" failures="0" timestamp="26 fev 2020 23:53:22 GMT" time="24.101" errors="0">
  <testcase name="step01" time="16.002" classname="notInclude.ServiceValidation_SOI770"/>
  <testcase name="step02" time="8.099" classname="notInclude.ServiceValidation_SOI770"/>
</testsuite> <!-- notInclude.ServiceValidation_SOI770 -->
