<?xml version="1.0" encoding="UTF-8"?>
<!-- Generated by org.testng.reporters.JUnitReportReporter -->
<testsuite hostname="INNOWAVE-383" failures="0" tests="1" name="testingFrameworkPackage.GeneralTestingClassD02PC" time="63.492" errors="0" timestamp="19 jan 2021 17:47:44 GMT" skipped="0">
  <testcase classname="testingFrameworkPackage.GeneralTestingClassD02PC" name="ProductInProductBasket" time="63.492"/>
</testsuite> <!-- testingFrameworkPackage.GeneralTestingClassD02PC -->
