<?xml version="1.0" encoding="UTF-8"?>
<!-- Generated by org.testng.reporters.JUnitReportReporter -->
<testsuite skipped="0" hostname="INNOWAVE-383" name="delivery02.soi_1312.SOI_1312_TC03_DS_ChineseWallsDuringQuoting_SalesUserProfile" tests="5" failures="0" timestamp="19 jul 2020 08:35:00 GMT" time="34.952" errors="0">
  <testcase name="step01" time="10.502" classname="delivery02.soi_1312.SOI_1312_TC03_DS_ChineseWallsDuringQuoting_SalesUserProfile"/>
  <testcase name="step03" time="8.615" classname="delivery02.soi_1312.SOI_1312_TC03_DS_ChineseWallsDuringQuoting_SalesUserProfile"/>
  <testcase name="step04" time="7.071" classname="delivery02.soi_1312.SOI_1312_TC03_DS_ChineseWallsDuringQuoting_SalesUserProfile"/>
  <testcase name="step02" time="7.501" classname="delivery02.soi_1312.SOI_1312_TC03_DS_ChineseWallsDuringQuoting_SalesUserProfile"/>
  <testcase name="step05" time="1.263" classname="delivery02.soi_1312.SOI_1312_TC03_DS_ChineseWallsDuringQuoting_SalesUserProfile"/>
</testsuite> <!-- delivery02.soi_1312.SOI_1312_TC03_DS_ChineseWallsDuringQuoting_SalesUserProfile -->
