<?xml version="1.0" encoding="UTF-8"?>
<!-- Generated by org.testng.reporters.JUnitReportReporter -->
<testsuite skipped="0" hostname="INNOWAVE-383" name="sq.J1835004000_14.J1835004000_14_TC01_QuickSaleOpportunity_CreateProdBasket" tests="1" failures="0" timestamp="15 dez 2020 14:56:56 GMT" time="61.792" errors="0">
  <testcase name="testCase" time="61.792" classname="sq.J1835004000_14.J1835004000_14_TC01_QuickSaleOpportunity_CreateProdBasket"/>
</testsuite> <!-- sq.J1835004000_14.J1835004000_14_TC01_QuickSaleOpportunity_CreateProdBasket -->
