<?xml version="1.0" encoding="UTF-8"?>
<!-- Generated by org.testng.reporters.JUnitReportReporter -->
<testsuite skipped="0" hostname="INNOWAVE-383" name="delivery01.soi_68.SOI_68_TC8_PC_OrderCreationForNewContract_NegativeValidation_ManualCreation" tests="7" failures="0" timestamp="23 abr 2020 00:07:45 GMT" time="91.321" errors="0">
  <testcase name="step02" time="5.804" classname="delivery01.soi_68.SOI_68_TC8_PC_OrderCreationForNewContract_NegativeValidation_ManualCreation"/>
  <testcase name="step03" time="9.539" classname="delivery01.soi_68.SOI_68_TC8_PC_OrderCreationForNewContract_NegativeValidation_ManualCreation"/>
  <testcase name="step06" time="26.784" classname="delivery01.soi_68.SOI_68_TC8_PC_OrderCreationForNewContract_NegativeValidation_ManualCreation"/>
  <testcase name="step07" time="20.617" classname="delivery01.soi_68.SOI_68_TC8_PC_OrderCreationForNewContract_NegativeValidation_ManualCreation"/>
  <testcase name="step04" time="11.650" classname="delivery01.soi_68.SOI_68_TC8_PC_OrderCreationForNewContract_NegativeValidation_ManualCreation"/>
  <testcase name="step05" time="10.030" classname="delivery01.soi_68.SOI_68_TC8_PC_OrderCreationForNewContract_NegativeValidation_ManualCreation"/>
  <testcase name="step01" time="6.897" classname="delivery01.soi_68.SOI_68_TC8_PC_OrderCreationForNewContract_NegativeValidation_ManualCreation"/>
</testsuite> <!-- delivery01.soi_68.SOI_68_TC8_PC_OrderCreationForNewContract_NegativeValidation_ManualCreation -->
