<?xml version="1.0" encoding="UTF-8"?>
<!-- Generated by org.testng.reporters.JUnitReportReporter -->
<testsuite skipped="0" hostname="INNOWAVE-383" name="sq.J1835004000_64.J1835004000_64_TC01_QuickSaleOpportunity_PreFilledFields" tests="1" failures="0" timestamp="21 dez 2020 17:24:55 GMT" time="29.346" errors="0">
  <testcase name="testCase" time="29.346" classname="sq.J1835004000_64.J1835004000_64_TC01_QuickSaleOpportunity_PreFilledFields"/>
</testsuite> <!-- sq.J1835004000_64.J1835004000_64_TC01_QuickSaleOpportunity_PreFilledFields -->
