<?xml version="1.0" encoding="UTF-8"?>
<!-- Generated by org.testng.reporters.JUnitReportReporter -->
<testsuite skipped="0" hostname="INNOWAVE-383" name="delivery01.soi_66.SOI_66_TC04_AgreementCreation_From_Oportunity_MobileVoice_EditAgreement" tests="7" failures="0" timestamp="13 mar 2020 19:17:47 GMT" time="134.144" errors="0">
  <testcase name="step06" time="5.837" classname="delivery01.soi_66.SOI_66_TC04_AgreementCreation_From_Oportunity_MobileVoice_EditAgreement"/>
  <testcase name="step02" time="9.974" classname="delivery01.soi_66.SOI_66_TC04_AgreementCreation_From_Oportunity_MobileVoice_EditAgreement"/>
  <testcase name="step03" time="21.513" classname="delivery01.soi_66.SOI_66_TC04_AgreementCreation_From_Oportunity_MobileVoice_EditAgreement"/>
  <testcase name="step07" time="28.440" classname="delivery01.soi_66.SOI_66_TC04_AgreementCreation_From_Oportunity_MobileVoice_EditAgreement"/>
  <testcase name="step04" time="42.828" classname="delivery01.soi_66.SOI_66_TC04_AgreementCreation_From_Oportunity_MobileVoice_EditAgreement"/>
  <testcase name="step01" time="14.779" classname="delivery01.soi_66.SOI_66_TC04_AgreementCreation_From_Oportunity_MobileVoice_EditAgreement"/>
  <testcase name="step05" time="10.773" classname="delivery01.soi_66.SOI_66_TC04_AgreementCreation_From_Oportunity_MobileVoice_EditAgreement"/>
</testsuite> <!-- delivery01.soi_66.SOI_66_TC04_AgreementCreation_From_Oportunity_MobileVoice_EditAgreement -->
