<?xml version="1.0" encoding="UTF-8"?>
<!-- Generated by org.testng.reporters.JUnitReportReporter -->
<testsuite skipped="0" hostname="INNOWAVE-383" name="delivery01.soi_66.SOI_66_TC08_PC_AgreementCreation_From_Oportunity_MobileVoice" tests="7" failures="0" timestamp="22 abr 2020 16:51:43 GMT" time="65.608" errors="0">
  <testcase name="step05" time="14.470" classname="delivery01.soi_66.SOI_66_TC08_PC_AgreementCreation_From_Oportunity_MobileVoice"/>
  <testcase name="step02" time="10.189" classname="delivery01.soi_66.SOI_66_TC08_PC_AgreementCreation_From_Oportunity_MobileVoice"/>
  <testcase name="step03" time="10.797" classname="delivery01.soi_66.SOI_66_TC08_PC_AgreementCreation_From_Oportunity_MobileVoice"/>
  <testcase name="step06" time="12.509" classname="delivery01.soi_66.SOI_66_TC08_PC_AgreementCreation_From_Oportunity_MobileVoice"/>
  <testcase name="step04" time="7.414" classname="delivery01.soi_66.SOI_66_TC08_PC_AgreementCreation_From_Oportunity_MobileVoice"/>
  <testcase name="step01" time="7.969" classname="delivery01.soi_66.SOI_66_TC08_PC_AgreementCreation_From_Oportunity_MobileVoice"/>
  <testcase name="step07" time="2.260" classname="delivery01.soi_66.SOI_66_TC08_PC_AgreementCreation_From_Oportunity_MobileVoice"/>
</testsuite> <!-- delivery01.soi_66.SOI_66_TC08_PC_AgreementCreation_From_Oportunity_MobileVoice -->
