<?xml version="1.0" encoding="UTF-8"?>
<!-- Generated by org.testng.reporters.JUnitReportReporter -->
<testsuite hostname="INNOWAVE-383" failures="0" tests="1" name="testingFrameworkPackage.GeneralTestingClass" time="165.414" errors="0" timestamp="14 jan 2021 17:51:20 GMT" skipped="0">
  <testcase classname="testingFrameworkPackage.GeneralTestingClass" name="ProductInProductBasket" time="165.414"/>
</testsuite> <!-- testingFrameworkPackage.GeneralTestingClass -->
