<?xml version="1.0" encoding="UTF-8"?>
<!-- Generated by org.testng.reporters.JUnitReportReporter -->
<testsuite skipped="0" hostname="INNOWAVE-383" name="delivery01.soi_721.SOI_721_TC04_PC_OrderTypeValidation_InOrdersListView" tests="5" failures="0" timestamp="06 mar 2020 13:50:29 GMT" time="29.320" errors="0">
  <testcase name="step03" time="3.433" classname="delivery01.soi_721.SOI_721_TC04_PC_OrderTypeValidation_InOrdersListView"/>
  <testcase name="step01" time="10.606" classname="delivery01.soi_721.SOI_721_TC04_PC_OrderTypeValidation_InOrdersListView"/>
  <testcase name="step04" time="8.798" classname="delivery01.soi_721.SOI_721_TC04_PC_OrderTypeValidation_InOrdersListView"/>
  <testcase name="step02" time="6.026" classname="delivery01.soi_721.SOI_721_TC04_PC_OrderTypeValidation_InOrdersListView"/>
  <testcase name="step05" time="0.457" classname="delivery01.soi_721.SOI_721_TC04_PC_OrderTypeValidation_InOrdersListView"/>
</testsuite> <!-- delivery01.soi_721.SOI_721_TC04_PC_OrderTypeValidation_InOrdersListView -->
