<?xml version="1.0" encoding="UTF-8"?>
<!-- Generated by org.testng.reporters.JUnitReportReporter -->
<testsuite skipped="0" hostname="INNOWAVE-383" name="d02.SOI_2206.SOI_2206_TC01_DS_ECS_Offerings_ECS_Pro_EnterpriseVoice" tests="1" failures="0" timestamp="17 dez 2020 16:19:18 GMT" time="55.428" errors="0">
  <testcase name="testCase" time="55.428" classname="d02.SOI_2206.SOI_2206_TC01_DS_ECS_Offerings_ECS_Pro_EnterpriseVoice"/>
</testsuite> <!-- d02.SOI_2206.SOI_2206_TC01_DS_ECS_Offerings_ECS_Pro_EnterpriseVoice -->
