<?xml version="1.0" encoding="UTF-8"?>
<!-- Generated by org.testng.reporters.JUnitReportReporter -->
<testsuite skipped="0" hostname="INNOWAVE-383" name="delivery02.soi_175.SOI_175_DS_Configure_Standalone_Internet" tests="7" failures="0" timestamp="29 jul 2020 14:07:55 GMT" time="81.958" errors="0">
  <testcase name="step06" time="10.118" classname="delivery02.soi_175.SOI_175_DS_Configure_Standalone_Internet"/>
  <testcase name="step01" time="20.010" classname="delivery02.soi_175.SOI_175_DS_Configure_Standalone_Internet"/>
  <testcase name="step03" time="10.550" classname="delivery02.soi_175.SOI_175_DS_Configure_Standalone_Internet"/>
  <testcase name="step02" time="11.626" classname="delivery02.soi_175.SOI_175_DS_Configure_Standalone_Internet"/>
  <testcase name="step04" time="19.881" classname="delivery02.soi_175.SOI_175_DS_Configure_Standalone_Internet"/>
  <testcase name="step07" time="8.174" classname="delivery02.soi_175.SOI_175_DS_Configure_Standalone_Internet"/>
  <testcase name="step05" time="1.599" classname="delivery02.soi_175.SOI_175_DS_Configure_Standalone_Internet"/>
</testsuite> <!-- delivery02.soi_175.SOI_175_DS_Configure_Standalone_Internet -->
