<?xml version="1.0" encoding="UTF-8"?>
<!-- Generated by org.testng.reporters.JUnitReportReporter -->
<testsuite hostname="LAPTOP-BAC89RCL" failures="0" tests="1" name="d02.SOI_1013.SOI_1013_TC01_DS_Sync_ProductBasket_CloudSense" time="118.305" errors="0" timestamp="21 Jan 2021 11:07:31 GMT" skipped="0">
  <testcase classname="d02.SOI_1013.SOI_1013_TC01_DS_Sync_ProductBasket_CloudSense" name="testCase" time="118.305"/>
</testsuite> <!-- d02.SOI_1013.SOI_1013_TC01_DS_Sync_ProductBasket_CloudSense -->
