<?xml version="1.0" encoding="UTF-8"?>
<!-- Generated by org.testng.reporters.JUnitReportReporter -->
<testsuite skipped="0" hostname="INNOWAVE-383" name="delivery01.soi_66.SOI_66_TC01_AgreementCreation_From_Oportunity_MobileVoice" tests="6" failures="0" timestamp="17 abr 2020 09:08:43 GMT" time="99.677" errors="0">
  <testcase name="step04" time="39.462" classname="delivery01.soi_66.SOI_66_TC01_AgreementCreation_From_Oportunity_MobileVoice"/>
  <testcase name="step03" time="20.559" classname="delivery01.soi_66.SOI_66_TC01_AgreementCreation_From_Oportunity_MobileVoice"/>
  <testcase name="step05" time="10.216" classname="delivery01.soi_66.SOI_66_TC01_AgreementCreation_From_Oportunity_MobileVoice"/>
  <testcase name="step02" time="8.079" classname="delivery01.soi_66.SOI_66_TC01_AgreementCreation_From_Oportunity_MobileVoice"/>
  <testcase name="step06" time="4.267" classname="delivery01.soi_66.SOI_66_TC01_AgreementCreation_From_Oportunity_MobileVoice"/>
  <testcase name="step01" time="17.094" classname="delivery01.soi_66.SOI_66_TC01_AgreementCreation_From_Oportunity_MobileVoice"/>
</testsuite> <!-- delivery01.soi_66.SOI_66_TC01_AgreementCreation_From_Oportunity_MobileVoice -->
