<?xml version="1.0" encoding="UTF-8"?>
<!-- Generated by org.testng.reporters.JUnitReportReporter -->
<testsuite hostname="INNOWAVE-383" failures="0" tests="1" name="sq.J1835004000_64.J1835004000_64_TC01_QuickSaleOpportunity_PreFilledFields" time="32.546" errors="0" timestamp="04 jan 2021 09:30:36 GMT" skipped="0">
  <testcase classname="sq.J1835004000_64.J1835004000_64_TC01_QuickSaleOpportunity_PreFilledFields" name="testCase" time="32.546"/>
</testsuite> <!-- sq.J1835004000_64.J1835004000_64_TC01_QuickSaleOpportunity_PreFilledFields -->
