<?xml version="1.0" encoding="UTF-8"?>
<!-- Generated by org.testng.reporters.JUnitReportReporter -->
<testsuite skipped="0" hostname="INNOWAVE-383" name="delivery02.soi_175.SOI_175_DS_Configure_Standalone_Internet" tests="6" failures="0" timestamp="29 jul 2020 10:37:33 GMT" time="79.524" errors="0">
  <testcase name="step06" time="21.352" classname="delivery02.soi_175.SOI_175_DS_Configure_Standalone_Internet"/>
  <testcase name="step01" time="20.093" classname="delivery02.soi_175.SOI_175_DS_Configure_Standalone_Internet"/>
  <testcase name="step03" time="14.501" classname="delivery02.soi_175.SOI_175_DS_Configure_Standalone_Internet"/>
  <testcase name="step02" time="13.120" classname="delivery02.soi_175.SOI_175_DS_Configure_Standalone_Internet"/>
  <testcase name="step04" time="8.936" classname="delivery02.soi_175.SOI_175_DS_Configure_Standalone_Internet"/>
  <testcase name="step05" time="1.522" classname="delivery02.soi_175.SOI_175_DS_Configure_Standalone_Internet"/>
</testsuite> <!-- delivery02.soi_175.SOI_175_DS_Configure_Standalone_Internet -->
