<?xml version="1.0" encoding="UTF-8"?>
<!-- Generated by org.testng.reporters.JUnitReportReporter -->
<testsuite hostname="INNOWAVE-383" failures="0" tests="1" name="testingFrameworkPackage.GeneralTestingClass" time="101.497" errors="0" timestamp="07 jan 2021 14:54:49 GMT" skipped="0">
  <testcase classname="testingFrameworkPackage.GeneralTestingClass" name="ProductInProductBasket" time="101.497"/>
</testsuite> <!-- testingFrameworkPackage.GeneralTestingClass -->
