<?xml version="1.0" encoding="UTF-8"?>
<!-- Generated by org.testng.reporters.JUnitReportReporter -->
<testsuite skipped="0" hostname="INNOWAVE-383" name="notInclude.NewTest" tests="2" failures="0" timestamp="03 mai 2020 19:20:12 GMT" time="21.581" errors="0">
  <testcase name="step01" time="17.108" classname="notInclude.NewTest"/>
  <testcase name="step02" time="4.473" classname="notInclude.NewTest"/>
</testsuite> <!-- notInclude.NewTest -->
