<?xml version="1.0" encoding="UTF-8"?>
<!-- Generated by org.testng.reporters.JUnitReportReporter -->
<testsuite skipped="0" hostname="INNOWAVE-383" name="delivery01.soi_718.SOI_718_TC1_CaseCreationPartnersAdapt_FullFlow" tests="11" failures="0" timestamp="27 fev 2020 12:21:26 GMT" time="189.326" errors="0">
  <testcase name="step04" time="11.441" classname="delivery01.soi_718.SOI_718_TC1_CaseCreationPartnersAdapt_FullFlow"/>
  <testcase name="step11" time="20.026" classname="delivery01.soi_718.SOI_718_TC1_CaseCreationPartnersAdapt_FullFlow"/>
  <testcase name="step03" time="10.896" classname="delivery01.soi_718.SOI_718_TC1_CaseCreationPartnersAdapt_FullFlow"/>
  <testcase name="step09" time="2.797" classname="delivery01.soi_718.SOI_718_TC1_CaseCreationPartnersAdapt_FullFlow"/>
  <testcase name="step01" time="8.590" classname="delivery01.soi_718.SOI_718_TC1_CaseCreationPartnersAdapt_FullFlow"/>
  <testcase name="step02" time="7.318" classname="delivery01.soi_718.SOI_718_TC1_CaseCreationPartnersAdapt_FullFlow"/>
  <testcase name="step06" time="15.547" classname="delivery01.soi_718.SOI_718_TC1_CaseCreationPartnersAdapt_FullFlow"/>
  <testcase name="step10" time="36.027" classname="delivery01.soi_718.SOI_718_TC1_CaseCreationPartnersAdapt_FullFlow"/>
  <testcase name="step05" time="2.476" classname="delivery01.soi_718.SOI_718_TC1_CaseCreationPartnersAdapt_FullFlow"/>
  <testcase name="step07" time="73.283" classname="delivery01.soi_718.SOI_718_TC1_CaseCreationPartnersAdapt_FullFlow"/>
  <testcase name="step08" time="0.925" classname="delivery01.soi_718.SOI_718_TC1_CaseCreationPartnersAdapt_FullFlow"/>
</testsuite> <!-- delivery01.soi_718.SOI_718_TC1_CaseCreationPartnersAdapt_FullFlow -->
