<?xml version="1.0" encoding="UTF-8"?>
<!-- Generated by org.testng.reporters.JUnitReportReporter -->
<testsuite skipped="0" hostname="INNOWAVE-383" name="delivery01.soi_68.SOI_68_TC01_OrderCreation_From_OPTYClosure_Won_MobileVoice" tests="11" failures="0" timestamp="27 abr 2020 09:24:19 GMT" time="156.112" errors="0">
  <testcase name="step05" time="10.440" classname="delivery01.soi_68.SOI_68_TC01_OrderCreation_From_OPTYClosure_Won_MobileVoice"/>
  <testcase name="step10" time="0.604" classname="delivery01.soi_68.SOI_68_TC01_OrderCreation_From_OPTYClosure_Won_MobileVoice"/>
  <testcase name="step02" time="11.410" classname="delivery01.soi_68.SOI_68_TC01_OrderCreation_From_OPTYClosure_Won_MobileVoice"/>
  <testcase name="step11" time="6.359" classname="delivery01.soi_68.SOI_68_TC01_OrderCreation_From_OPTYClosure_Won_MobileVoice"/>
  <testcase name="step06" time="5.583" classname="delivery01.soi_68.SOI_68_TC01_OrderCreation_From_OPTYClosure_Won_MobileVoice"/>
  <testcase name="step01" time="18.215" classname="delivery01.soi_68.SOI_68_TC01_OrderCreation_From_OPTYClosure_Won_MobileVoice"/>
  <testcase name="step04" time="41.268" classname="delivery01.soi_68.SOI_68_TC01_OrderCreation_From_OPTYClosure_Won_MobileVoice"/>
  <testcase name="step03" time="20.859" classname="delivery01.soi_68.SOI_68_TC01_OrderCreation_From_OPTYClosure_Won_MobileVoice"/>
  <testcase name="step07" time="22.673" classname="delivery01.soi_68.SOI_68_TC01_OrderCreation_From_OPTYClosure_Won_MobileVoice"/>
  <testcase name="step09" time="15.292" classname="delivery01.soi_68.SOI_68_TC01_OrderCreation_From_OPTYClosure_Won_MobileVoice"/>
  <testcase name="step08" time="3.409" classname="delivery01.soi_68.SOI_68_TC01_OrderCreation_From_OPTYClosure_Won_MobileVoice"/>
</testsuite> <!-- delivery01.soi_68.SOI_68_TC01_OrderCreation_From_OPTYClosure_Won_MobileVoice -->
