<?xml version="1.0" encoding="UTF-8"?>
<!-- Generated by org.testng.reporters.JUnitReportReporter -->
<testsuite skipped="0" hostname="INNOWAVE-383" name="delivery01.soi_68.SOI_68_TC01_OrderCreation_From_OPTYClosure_Won_MobileVoice" tests="11" failures="0" timestamp="20 abr 2020 00:17:03 GMT" time="154.956" errors="0">
  <testcase name="step02" time="8.180" classname="delivery01.soi_68.SOI_68_TC01_OrderCreation_From_OPTYClosure_Won_MobileVoice"/>
  <testcase name="step06" time="4.543" classname="delivery01.soi_68.SOI_68_TC01_OrderCreation_From_OPTYClosure_Won_MobileVoice"/>
  <testcase name="step11" time="5.438" classname="delivery01.soi_68.SOI_68_TC01_OrderCreation_From_OPTYClosure_Won_MobileVoice"/>
  <testcase name="step05" time="10.043" classname="delivery01.soi_68.SOI_68_TC01_OrderCreation_From_OPTYClosure_Won_MobileVoice"/>
  <testcase name="step01" time="12.914" classname="delivery01.soi_68.SOI_68_TC01_OrderCreation_From_OPTYClosure_Won_MobileVoice"/>
  <testcase name="step04" time="38.174" classname="delivery01.soi_68.SOI_68_TC01_OrderCreation_From_OPTYClosure_Won_MobileVoice"/>
  <testcase name="step10" time="0.533" classname="delivery01.soi_68.SOI_68_TC01_OrderCreation_From_OPTYClosure_Won_MobileVoice"/>
  <testcase name="step07" time="21.395" classname="delivery01.soi_68.SOI_68_TC01_OrderCreation_From_OPTYClosure_Won_MobileVoice"/>
  <testcase name="step03" time="18.362" classname="delivery01.soi_68.SOI_68_TC01_OrderCreation_From_OPTYClosure_Won_MobileVoice"/>
  <testcase name="step09" time="31.771" classname="delivery01.soi_68.SOI_68_TC01_OrderCreation_From_OPTYClosure_Won_MobileVoice"/>
  <testcase name="step08" time="3.603" classname="delivery01.soi_68.SOI_68_TC01_OrderCreation_From_OPTYClosure_Won_MobileVoice"/>
</testsuite> <!-- delivery01.soi_68.SOI_68_TC01_OrderCreation_From_OPTYClosure_Won_MobileVoice -->
