<?xml version="1.0" encoding="UTF-8"?>
<!-- Generated by org.testng.reporters.JUnitReportReporter -->
<testsuite skipped="0" hostname="INNOWAVE-383" name="sq.J1835004000_64.SQ_J1835004000_64_QuickSaleOpportunity_PreFilledFields" tests="1" failures="0" timestamp="14 dez 2020 08:39:28 GMT" time="22.417" errors="0">
  <testcase name="testCase" time="22.417" classname="sq.J1835004000_64.SQ_J1835004000_64_QuickSaleOpportunity_PreFilledFields"/>
</testsuite> <!-- sq.J1835004000_64.SQ_J1835004000_64_QuickSaleOpportunity_PreFilledFields -->
