<?xml version="1.0" encoding="UTF-8"?>
<!-- Generated by org.testng.reporters.JUnitReportReporter -->
<testsuite skipped="0" hostname="INNOWAVE-383" name="notInclude.TestingMACDJSQuery" tests="2" failures="0" timestamp="16 mar 2020 23:02:36 GMT" time="23.175" errors="0">
  <testcase name="step02" time="7.112" classname="notInclude.TestingMACDJSQuery"/>
  <testcase name="step01" time="16.063" classname="notInclude.TestingMACDJSQuery"/>
</testsuite> <!-- notInclude.TestingMACDJSQuery -->
