<?xml version="1.0" encoding="UTF-8"?>
<!-- Generated by org.testng.reporters.JUnitReportReporter -->
<testsuite skipped="0" hostname="INNOWAVE-383" name="delivery01.soi_80.SOI_80_TC3_MobileOrderIntake_OrderListView_ConfigureListView_UserOrders_ColumnsConfig" tests="9" failures="0" timestamp="25 fev 2020 01:00:24 GMT" time="82.263" errors="0">
  <testcase name="step04" time="1.360" classname="delivery01.soi_80.SOI_80_TC3_MobileOrderIntake_OrderListView_ConfigureListView_UserOrders_ColumnsConfig"/>
  <testcase name="step08" time="1.164" classname="delivery01.soi_80.SOI_80_TC3_MobileOrderIntake_OrderListView_ConfigureListView_UserOrders_ColumnsConfig"/>
  <testcase name="step09" time="2.159" classname="delivery01.soi_80.SOI_80_TC3_MobileOrderIntake_OrderListView_ConfigureListView_UserOrders_ColumnsConfig"/>
  <testcase name="step02" time="4.985" classname="delivery01.soi_80.SOI_80_TC3_MobileOrderIntake_OrderListView_ConfigureListView_UserOrders_ColumnsConfig"/>
  <testcase name="step06" time="1.054" classname="delivery01.soi_80.SOI_80_TC3_MobileOrderIntake_OrderListView_ConfigureListView_UserOrders_ColumnsConfig"/>
  <testcase name="step01" time="11.987" classname="delivery01.soi_80.SOI_80_TC3_MobileOrderIntake_OrderListView_ConfigureListView_UserOrders_ColumnsConfig"/>
  <testcase name="step07" time="27.737" classname="delivery01.soi_80.SOI_80_TC3_MobileOrderIntake_OrderListView_ConfigureListView_UserOrders_ColumnsConfig"/>
  <testcase name="step05" time="27.759" classname="delivery01.soi_80.SOI_80_TC3_MobileOrderIntake_OrderListView_ConfigureListView_UserOrders_ColumnsConfig"/>
  <testcase name="step03" time="4.058" classname="delivery01.soi_80.SOI_80_TC3_MobileOrderIntake_OrderListView_ConfigureListView_UserOrders_ColumnsConfig"/>
</testsuite> <!-- delivery01.soi_80.SOI_80_TC3_MobileOrderIntake_OrderListView_ConfigureListView_UserOrders_ColumnsConfig -->
