<?xml version="1.0" encoding="UTF-8"?>
<!-- Generated by org.testng.reporters.JUnitReportReporter -->
<testsuite skipped="0" hostname="INNOWAVE-383" name="delivery01.soi_66.AgreementCreation_From_Oportunity_MobileVoice_Negative_SFPC" tests="6" failures="0" timestamp="10 dez 2019 17:09:27 GMT" time="59.177" errors="0">
  <testcase name="step02" time="5.894" classname="delivery01.soi_66.AgreementCreation_From_Oportunity_MobileVoice_Negative_SFPC"/>
  <testcase name="step06" time="28.660" classname="delivery01.soi_66.AgreementCreation_From_Oportunity_MobileVoice_Negative_SFPC"/>
  <testcase name="step03" time="9.135" classname="delivery01.soi_66.AgreementCreation_From_Oportunity_MobileVoice_Negative_SFPC"/>
  <testcase name="step05" time="1.689" classname="delivery01.soi_66.AgreementCreation_From_Oportunity_MobileVoice_Negative_SFPC"/>
  <testcase name="step01" time="6.820" classname="delivery01.soi_66.AgreementCreation_From_Oportunity_MobileVoice_Negative_SFPC"/>
  <testcase name="step04" time="6.979" classname="delivery01.soi_66.AgreementCreation_From_Oportunity_MobileVoice_Negative_SFPC"/>
</testsuite> <!-- delivery01.soi_66.AgreementCreation_From_Oportunity_MobileVoice_Negative_SFPC -->
