<?xml version="1.0" encoding="UTF-8"?>
<!-- Generated by org.testng.reporters.JUnitReportReporter -->
<testsuite skipped="7" hostname="INNOWAVE-383" name="delivery01.soi_66.AgreementCreation_From_Oportunity_MobileVoice_SFPC" tests="7" failures="0" timestamp="03 jan 2020 15:21:51 GMT" time="0.000" errors="0">
  <testcase name="step03" time="0.000" classname="delivery01.soi_66.AgreementCreation_From_Oportunity_MobileVoice_SFPC">
    <skipped/>
  </testcase> <!-- step03 -->
  <testcase name="step04" time="0.000" classname="delivery01.soi_66.AgreementCreation_From_Oportunity_MobileVoice_SFPC">
    <skipped/>
  </testcase> <!-- step04 -->
  <testcase name="step01" time="0.000" classname="delivery01.soi_66.AgreementCreation_From_Oportunity_MobileVoice_SFPC">
    <skipped/>
  </testcase> <!-- step01 -->
  <testcase name="step02" time="0.000" classname="delivery01.soi_66.AgreementCreation_From_Oportunity_MobileVoice_SFPC">
    <skipped/>
  </testcase> <!-- step02 -->
  <testcase name="step06" time="0.000" classname="delivery01.soi_66.AgreementCreation_From_Oportunity_MobileVoice_SFPC">
    <skipped/>
  </testcase> <!-- step06 -->
  <testcase name="step07" time="0.000" classname="delivery01.soi_66.AgreementCreation_From_Oportunity_MobileVoice_SFPC">
    <skipped/>
  </testcase> <!-- step07 -->
  <testcase name="step05" time="0.000" classname="delivery01.soi_66.AgreementCreation_From_Oportunity_MobileVoice_SFPC">
    <skipped/>
  </testcase> <!-- step05 -->
</testsuite> <!-- delivery01.soi_66.AgreementCreation_From_Oportunity_MobileVoice_SFPC -->
