<?xml version="1.0" encoding="UTF-8"?>
<!-- Generated by org.testng.reporters.JUnitReportReporter -->
<testsuite skipped="0" hostname="INNOWAVE-383" name="delivery01.soi_66.AgreementCreation_From_Oportunity_MobileVoice_Negative" tests="5" failures="0" timestamp="03 jan 2020 16:45:15 GMT" time="85.736" errors="0">
  <testcase name="step02" time="13.427" classname="delivery01.soi_66.AgreementCreation_From_Oportunity_MobileVoice_Negative"/>
  <testcase name="step03" time="17.368" classname="delivery01.soi_66.AgreementCreation_From_Oportunity_MobileVoice_Negative"/>
  <testcase name="step04" time="40.285" classname="delivery01.soi_66.AgreementCreation_From_Oportunity_MobileVoice_Negative"/>
  <testcase name="step01" time="13.431" classname="delivery01.soi_66.AgreementCreation_From_Oportunity_MobileVoice_Negative"/>
  <testcase name="step05" time="1.225" classname="delivery01.soi_66.AgreementCreation_From_Oportunity_MobileVoice_Negative"/>
</testsuite> <!-- delivery01.soi_66.AgreementCreation_From_Oportunity_MobileVoice_Negative -->
