<?xml version="1.0" encoding="UTF-8"?>
<!-- Generated by org.testng.reporters.JUnitReportReporter -->
<testsuite skipped="0" hostname="INNOWAVE-383" name="delivery01.soi_69.ServiceScreen_AddNewService" tests="8" failures="0" timestamp="09 jan 2020 15:00:06 GMT" time="89.690" errors="0">
  <testcase name="step02" time="13.253" classname="delivery01.soi_69.ServiceScreen_AddNewService"/>
  <testcase name="step05" time="2.451" classname="delivery01.soi_69.ServiceScreen_AddNewService"/>
  <testcase name="step07" time="19.907" classname="delivery01.soi_69.ServiceScreen_AddNewService"/>
  <testcase name="step08" time="3.501" classname="delivery01.soi_69.ServiceScreen_AddNewService"/>
  <testcase name="step01" time="14.069" classname="delivery01.soi_69.ServiceScreen_AddNewService"/>
  <testcase name="step03" time="16.046" classname="delivery01.soi_69.ServiceScreen_AddNewService"/>
  <testcase name="step06" time="2.036" classname="delivery01.soi_69.ServiceScreen_AddNewService"/>
  <testcase name="step04" time="18.427" classname="delivery01.soi_69.ServiceScreen_AddNewService"/>
</testsuite> <!-- delivery01.soi_69.ServiceScreen_AddNewService -->
