<?xml version="1.0" encoding="UTF-8"?>
<!-- Generated by org.testng.reporters.JUnitReportReporter -->
<testsuite skipped="0" hostname="INNOWAVE-383" name="notInclude.TestingMACDJSQuery2" tests="2" failures="0" timestamp="22 ago 2020 17:53:30 GMT" time="24.137" errors="0">
  <testcase name="step01" time="10.273" classname="notInclude.TestingMACDJSQuery2"/>
  <testcase name="step02" time="13.864" classname="notInclude.TestingMACDJSQuery2"/>
</testsuite> <!-- notInclude.TestingMACDJSQuery2 -->
