<?xml version="1.0" encoding="UTF-8"?>
<!-- Generated by org.testng.reporters.JUnitReportReporter -->
<testsuite skipped="0" hostname="INNOWAVE-383" name="d02.SOI_2205.SOI_2205_TC02_DS_ECS_Offerings_ECS_Pro_PhoneLine" tests="1" failures="0" timestamp="16 dez 2020 17:14:03 GMT" time="84.162" errors="0">
  <testcase name="testCase" time="84.162" classname="d02.SOI_2205.SOI_2205_TC02_DS_ECS_Offerings_ECS_Pro_PhoneLine"/>
</testsuite> <!-- d02.SOI_2205.SOI_2205_TC02_DS_ECS_Offerings_ECS_Pro_PhoneLine -->
