<?xml version="1.0" encoding="UTF-8"?>
<!-- Generated by org.testng.reporters.JUnitReportReporter -->
<testsuite skipped="0" hostname="INNOWAVE-383" name="d02.SOI_2206.SOI_2206_TC06_DS_ECS_Offerings_ECS_FullFiberExtended" tests="1" failures="0" timestamp="17 dez 2020 16:48:23 GMT" time="75.017" errors="0">
  <testcase name="testCase" time="75.017" classname="d02.SOI_2206.SOI_2206_TC06_DS_ECS_Offerings_ECS_FullFiberExtended"/>
</testsuite> <!-- d02.SOI_2206.SOI_2206_TC06_DS_ECS_Offerings_ECS_FullFiberExtended -->
