<?xml version="1.0" encoding="UTF-8"?>
<!-- Generated by org.testng.reporters.JUnitReportReporter -->
<testsuite skipped="0" hostname="INNOWAVE-383" name="delivery01.soi_66.SOI_66_TC05_AgreementCreation_Add_File_2_Agreement" tests="7" failures="0" timestamp="13 mar 2020 19:24:01 GMT" time="126.204" errors="0">
  <testcase name="step06" time="5.111" classname="delivery01.soi_66.SOI_66_TC05_AgreementCreation_Add_File_2_Agreement"/>
  <testcase name="step03" time="23.004" classname="delivery01.soi_66.SOI_66_TC05_AgreementCreation_Add_File_2_Agreement"/>
  <testcase name="step02" time="8.189" classname="delivery01.soi_66.SOI_66_TC05_AgreementCreation_Add_File_2_Agreement"/>
  <testcase name="step07" time="24.089" classname="delivery01.soi_66.SOI_66_TC05_AgreementCreation_Add_File_2_Agreement"/>
  <testcase name="step04" time="41.093" classname="delivery01.soi_66.SOI_66_TC05_AgreementCreation_Add_File_2_Agreement"/>
  <testcase name="step05" time="10.628" classname="delivery01.soi_66.SOI_66_TC05_AgreementCreation_Add_File_2_Agreement"/>
  <testcase name="step01" time="14.090" classname="delivery01.soi_66.SOI_66_TC05_AgreementCreation_Add_File_2_Agreement"/>
</testsuite> <!-- delivery01.soi_66.SOI_66_TC05_AgreementCreation_Add_File_2_Agreement -->
