<?xml version="1.0" encoding="UTF-8"?>
<!-- Generated by org.testng.reporters.JUnitReportReporter -->
<testsuite skipped="6" hostname="INNOWAVE-429" name="delivery01.soi_68.SOI_68_TC01_OrderCreation_From_OPTYClosure_Won_MobileVoice" tests="11" failures="0" timestamp="27 Jul 2020 13:39:49 GMT" time="59.699" errors="1">
  <testcase name="step08" time="0.000" classname="delivery01.soi_68.SOI_68_TC01_OrderCreation_From_OPTYClosure_Won_MobileVoice">
    <skipped/>
  </testcase> <!-- step08 -->
  <testcase name="step10" time="0.000" classname="delivery01.soi_68.SOI_68_TC01_OrderCreation_From_OPTYClosure_Won_MobileVoice">
    <skipped/>
  </testcase> <!-- step10 -->
  <testcase name="step07" time="0.000" classname="delivery01.soi_68.SOI_68_TC01_OrderCreation_From_OPTYClosure_Won_MobileVoice">
    <skipped/>
  </testcase> <!-- step07 -->
  <testcase name="step11" time="0.000" classname="delivery01.soi_68.SOI_68_TC01_OrderCreation_From_OPTYClosure_Won_MobileVoice">
    <skipped/>
  </testcase> <!-- step11 -->
  <testcase name="step03" time="13.788" classname="delivery01.soi_68.SOI_68_TC01_OrderCreation_From_OPTYClosure_Won_MobileVoice"/>
  <testcase name="step05" time="0.009" classname="delivery01.soi_68.SOI_68_TC01_OrderCreation_From_OPTYClosure_Won_MobileVoice">
    <error type="java.lang.Error" message="Unresolved compilation problems: 
	The method findAgreementOnOPTY(WebDriver, int) is undefined for the type ActsSalesOpportunity
	The method soi66opportunityValidation(WebDriver, int, String) is undefined for the type ActsSalesOpportunity
">
      <![CDATA[java.lang.Error: Unresolved compilation problems: 
The method findAgreementOnOPTY(WebDriver, int) is undefined for the type ActsSalesOpportunity
The method soi66opportunityValidation(WebDriver, int, String) is undefined for the type ActsSalesOpportunity

at functionalSteps.SFDS.StpsSalesOpportunity.soi66Validation(StpsSalesOpportunity.java:175)
at delivery01.soi_68.SOI_68_TC01_OrderCreation_From_OPTYClosure_Won_MobileVoice.step05(SOI_68_TC01_OrderCreation_From_OPTYClosure_Won_MobileVoice.java:215)
at sun.reflect.NativeMethodAccessorImpl.invoke0(Native Method)
at sun.reflect.NativeMethodAccessorImpl.invoke(Unknown Source)
at sun.reflect.DelegatingMethodAccessorImpl.invoke(Unknown Source)
at java.lang.reflect.Method.invoke(Unknown Source)
at org.testng.internal.MethodInvocationHelper.invokeMethod(MethodInvocationHelper.java:124)
at org.testng.internal.Invoker.invokeMethod(Invoker.java:583)
at org.testng.internal.Invoker.invokeTestMethod(Invoker.java:719)
at org.testng.internal.Invoker.invokeTestMethods(Invoker.java:989)
at org.testng.internal.TestMethodWorker.invokeTestMethods(TestMethodWorker.java:125)
at org.testng.internal.TestMethodWorker.run(TestMethodWorker.java:109)
at org.testng.TestRunner.privateRun(TestRunner.java:648)
at org.testng.TestRunner.run(TestRunner.java:505)
at org.testng.SuiteRunner.runTest(SuiteRunner.java:455)
at org.testng.SuiteRunner.runSequentially(SuiteRunner.java:450)
at org.testng.SuiteRunner.privateRun(SuiteRunner.java:415)
at org.testng.SuiteRunner.run(SuiteRunner.java:364)
at org.testng.SuiteRunnerWorker.runSuite(SuiteRunnerWorker.java:52)
at org.testng.SuiteRunnerWorker.run(SuiteRunnerWorker.java:84)
at org.testng.TestNG.runSuitesSequentially(TestNG.java:1208)
at org.testng.TestNG.runSuitesLocally(TestNG.java:1137)
at org.testng.TestNG.runSuites(TestNG.java:1049)
at org.testng.TestNG.run(TestNG.java:1017)
at org.testng.remote.AbstractRemoteTestNG.run(AbstractRemoteTestNG.java:115)
at org.testng.remote.RemoteTestNG.initAndRun(RemoteTestNG.java:251)
at org.testng.remote.RemoteTestNG.main(RemoteTestNG.java:77)
]]>
    </error>
  </testcase> <!-- step05 -->
  <testcase name="step04" time="34.189" classname="delivery01.soi_68.SOI_68_TC01_OrderCreation_From_OPTYClosure_Won_MobileVoice"/>
  <testcase name="step02" time="4.167" classname="delivery01.soi_68.SOI_68_TC01_OrderCreation_From_OPTYClosure_Won_MobileVoice"/>
  <testcase name="step01" time="7.546" classname="delivery01.soi_68.SOI_68_TC01_OrderCreation_From_OPTYClosure_Won_MobileVoice"/>
  <testcase name="step09" time="0.000" classname="delivery01.soi_68.SOI_68_TC01_OrderCreation_From_OPTYClosure_Won_MobileVoice">
    <skipped/>
  </testcase> <!-- step09 -->
  <testcase name="step06" time="0.000" classname="delivery01.soi_68.SOI_68_TC01_OrderCreation_From_OPTYClosure_Won_MobileVoice">
    <skipped/>
  </testcase> <!-- step06 -->
</testsuite> <!-- delivery01.soi_68.SOI_68_TC01_OrderCreation_From_OPTYClosure_Won_MobileVoice -->
