<?xml version="1.0" encoding="UTF-8"?>
<!-- Generated by org.testng.reporters.JUnitReportReporter -->
<testsuite skipped="0" hostname="INNOWAVE-429" name="delivery02.soi_1312.SOI_1312_TC03_DS_ChineseWallsDuringQuoting_SalesUserProfile" tests="5" failures="0" timestamp="27 Jul 2020 10:49:59 GMT" time="27.330" errors="0">
  <testcase name="step02" time="4.875" classname="delivery02.soi_1312.SOI_1312_TC03_DS_ChineseWallsDuringQuoting_SalesUserProfile"/>
  <testcase name="step01" time="8.730" classname="delivery02.soi_1312.SOI_1312_TC03_DS_ChineseWallsDuringQuoting_SalesUserProfile"/>
  <testcase name="step04" time="6.330" classname="delivery02.soi_1312.SOI_1312_TC03_DS_ChineseWallsDuringQuoting_SalesUserProfile"/>
  <testcase name="step03" time="6.100" classname="delivery02.soi_1312.SOI_1312_TC03_DS_ChineseWallsDuringQuoting_SalesUserProfile"/>
  <testcase name="step05" time="1.295" classname="delivery02.soi_1312.SOI_1312_TC03_DS_ChineseWallsDuringQuoting_SalesUserProfile"/>
</testsuite> <!-- delivery02.soi_1312.SOI_1312_TC03_DS_ChineseWallsDuringQuoting_SalesUserProfile -->
