<?xml version="1.0" encoding="UTF-8"?>
<!-- Generated by org.testng.reporters.JUnitReportReporter -->
<testsuite skipped="0" hostname="INNOWAVE-383" name="delivery01.soi_76.SOI_76_TC3_PC_MobileOrderIntake_CaseCreation" tests="11" failures="0" timestamp="21 fev 2020 18:05:58 GMT" time="171.736" errors="0">
  <testcase name="step09" time="1.939" classname="delivery01.soi_76.SOI_76_TC3_PC_MobileOrderIntake_CaseCreation"/>
  <testcase name="step04" time="8.328" classname="delivery01.soi_76.SOI_76_TC3_PC_MobileOrderIntake_CaseCreation"/>
  <testcase name="step03" time="12.377" classname="delivery01.soi_76.SOI_76_TC3_PC_MobileOrderIntake_CaseCreation"/>
  <testcase name="step08" time="1.153" classname="delivery01.soi_76.SOI_76_TC3_PC_MobileOrderIntake_CaseCreation"/>
  <testcase name="step01" time="7.242" classname="delivery01.soi_76.SOI_76_TC3_PC_MobileOrderIntake_CaseCreation"/>
  <testcase name="step02" time="6.150" classname="delivery01.soi_76.SOI_76_TC3_PC_MobileOrderIntake_CaseCreation"/>
  <testcase name="step07" time="70.279" classname="delivery01.soi_76.SOI_76_TC3_PC_MobileOrderIntake_CaseCreation"/>
  <testcase name="step05" time="2.266" classname="delivery01.soi_76.SOI_76_TC3_PC_MobileOrderIntake_CaseCreation"/>
  <testcase name="step10" time="32.029" classname="delivery01.soi_76.SOI_76_TC3_PC_MobileOrderIntake_CaseCreation"/>
  <testcase name="step11" time="17.192" classname="delivery01.soi_76.SOI_76_TC3_PC_MobileOrderIntake_CaseCreation"/>
  <testcase name="step06" time="12.781" classname="delivery01.soi_76.SOI_76_TC3_PC_MobileOrderIntake_CaseCreation"/>
</testsuite> <!-- delivery01.soi_76.SOI_76_TC3_PC_MobileOrderIntake_CaseCreation -->
