<?xml version="1.0" encoding="UTF-8"?>
<!-- Generated by org.testng.reporters.JUnitReportReporter -->
<testsuite skipped="0" hostname="INNOWAVE-429" name="delivery02.soi_1312.SOI_1312_TC01_DS_ChineseWallsDuringQuoting_SysAdminProfile" tests="5" failures="0" timestamp="27 Jul 2020 10:49:16 GMT" time="27.261" errors="0">
  <testcase name="step02" time="5.099" classname="delivery02.soi_1312.SOI_1312_TC01_DS_ChineseWallsDuringQuoting_SysAdminProfile"/>
  <testcase name="step01" time="6.796" classname="delivery02.soi_1312.SOI_1312_TC01_DS_ChineseWallsDuringQuoting_SysAdminProfile"/>
  <testcase name="step04" time="7.741" classname="delivery02.soi_1312.SOI_1312_TC01_DS_ChineseWallsDuringQuoting_SysAdminProfile"/>
  <testcase name="step03" time="6.358" classname="delivery02.soi_1312.SOI_1312_TC01_DS_ChineseWallsDuringQuoting_SysAdminProfile"/>
  <testcase name="step05" time="1.267" classname="delivery02.soi_1312.SOI_1312_TC01_DS_ChineseWallsDuringQuoting_SysAdminProfile"/>
</testsuite> <!-- delivery02.soi_1312.SOI_1312_TC01_DS_ChineseWallsDuringQuoting_SysAdminProfile -->
