<?xml version="1.0" encoding="UTF-8"?>
<!-- Generated by org.testng.reporters.JUnitReportReporter -->
<testsuite skipped="9" hostname="INNOWAVE-429" name="delivery01.soi_76.SOI_76_TC1_MobileOrderIntake_CaseCreation" tests="13" failures="0" timestamp="27 Jul 2020 13:58:34 GMT" time="55.165" errors="1">
  <testcase name="step01" time="7.781" classname="delivery01.soi_76.SOI_76_TC1_MobileOrderIntake_CaseCreation"/>
  <testcase name="step08" time="0.000" classname="delivery01.soi_76.SOI_76_TC1_MobileOrderIntake_CaseCreation">
    <skipped/>
  </testcase> <!-- step08 -->
  <testcase name="step04" time="30.129" classname="delivery01.soi_76.SOI_76_TC1_MobileOrderIntake_CaseCreation">
    <error type="java.lang.Exception" message="Test Failed on Step 4">
      <![CDATA[java.lang.Exception: Test Failed on Step 4
at delivery01.soi_76.SOI_76_TC1_MobileOrderIntake_CaseCreation.step04(SOI_76_TC1_MobileOrderIntake_CaseCreation.java:240)
at sun.reflect.NativeMethodAccessorImpl.invoke0(Native Method)
at sun.reflect.NativeMethodAccessorImpl.invoke(Unknown Source)
at sun.reflect.DelegatingMethodAccessorImpl.invoke(Unknown Source)
at java.lang.reflect.Method.invoke(Unknown Source)
at org.testng.internal.MethodInvocationHelper.invokeMethod(MethodInvocationHelper.java:124)
at org.testng.internal.Invoker.invokeMethod(Invoker.java:583)
at org.testng.internal.Invoker.invokeTestMethod(Invoker.java:719)
at org.testng.internal.Invoker.invokeTestMethods(Invoker.java:989)
at org.testng.internal.TestMethodWorker.invokeTestMethods(TestMethodWorker.java:125)
at org.testng.internal.TestMethodWorker.run(TestMethodWorker.java:109)
at org.testng.TestRunner.privateRun(TestRunner.java:648)
at org.testng.TestRunner.run(TestRunner.java:505)
at org.testng.SuiteRunner.runTest(SuiteRunner.java:455)
at org.testng.SuiteRunner.runSequentially(SuiteRunner.java:450)
at org.testng.SuiteRunner.privateRun(SuiteRunner.java:415)
at org.testng.SuiteRunner.run(SuiteRunner.java:364)
at org.testng.SuiteRunnerWorker.runSuite(SuiteRunnerWorker.java:52)
at org.testng.SuiteRunnerWorker.run(SuiteRunnerWorker.java:84)
at org.testng.TestNG.runSuitesSequentially(TestNG.java:1208)
at org.testng.TestNG.runSuitesLocally(TestNG.java:1137)
at org.testng.TestNG.runSuites(TestNG.java:1049)
at org.testng.TestNG.run(TestNG.java:1017)
at org.testng.remote.AbstractRemoteTestNG.run(AbstractRemoteTestNG.java:115)
at org.testng.remote.RemoteTestNG.initAndRun(RemoteTestNG.java:251)
at org.testng.remote.RemoteTestNG.main(RemoteTestNG.java:77)
Caused by: java.lang.NullPointerException
at execStructure.ExecStructure.numberOfSubFolders(ExecStructure.java:70)
at execStructure.ExecStructure.currentTestExecutionFolder(ExecStructure.java:99)
at execStructure.ExecStructure.testExecutionScreenshotsFolder(ExecStructure.java:108)
at execStructure.ExecStructure.screenShotTaking(ExecStructure.java:130)
at functionalSteps.SFDS.StpsSalesCompany.configNewMobileOpportunity(StpsSalesCompany.java:355)
at delivery01.soi_76.SOI_76_TC1_MobileOrderIntake_CaseCreation.step04(SOI_76_TC1_MobileOrderIntake_CaseCreation.java:213)
... 25 more
]]>
    </error>
  </testcase> <!-- step04 -->
  <testcase name="step06" time="0.000" classname="delivery01.soi_76.SOI_76_TC1_MobileOrderIntake_CaseCreation">
    <skipped/>
  </testcase> <!-- step06 -->
  <testcase name="step13" time="0.000" classname="delivery01.soi_76.SOI_76_TC1_MobileOrderIntake_CaseCreation">
    <skipped/>
  </testcase> <!-- step13 -->
  <testcase name="step09" time="0.000" classname="delivery01.soi_76.SOI_76_TC1_MobileOrderIntake_CaseCreation">
    <skipped/>
  </testcase> <!-- step09 -->
  <testcase name="step10" time="0.000" classname="delivery01.soi_76.SOI_76_TC1_MobileOrderIntake_CaseCreation">
    <skipped/>
  </testcase> <!-- step10 -->
  <testcase name="step03" time="12.824" classname="delivery01.soi_76.SOI_76_TC1_MobileOrderIntake_CaseCreation"/>
  <testcase name="step07" time="0.000" classname="delivery01.soi_76.SOI_76_TC1_MobileOrderIntake_CaseCreation">
    <skipped/>
  </testcase> <!-- step07 -->
  <testcase name="step12" time="0.000" classname="delivery01.soi_76.SOI_76_TC1_MobileOrderIntake_CaseCreation">
    <skipped/>
  </testcase> <!-- step12 -->
  <testcase name="step05" time="0.000" classname="delivery01.soi_76.SOI_76_TC1_MobileOrderIntake_CaseCreation">
    <skipped/>
  </testcase> <!-- step05 -->
  <testcase name="step11" time="0.000" classname="delivery01.soi_76.SOI_76_TC1_MobileOrderIntake_CaseCreation">
    <skipped/>
  </testcase> <!-- step11 -->
  <testcase name="step02" time="4.431" classname="delivery01.soi_76.SOI_76_TC1_MobileOrderIntake_CaseCreation"/>
</testsuite> <!-- delivery01.soi_76.SOI_76_TC1_MobileOrderIntake_CaseCreation -->
