<?xml version="1.0" encoding="UTF-8"?>
<!-- Generated by org.testng.reporters.JUnitReportReporter -->
<testsuite skipped="0" hostname="INNOWAVE-383" name="delivery01.soi_150.SOI_150_TC4_PC_MobileOrderIntake_MACD_Flow" tests="10" failures="0" timestamp="18 fev 2020 16:05:31 GMT" time="79.573" errors="0">
  <testcase name="step04" time="1.148" classname="delivery01.soi_150.SOI_150_TC4_PC_MobileOrderIntake_MACD_Flow"/>
  <testcase name="step09" time="2.076" classname="delivery01.soi_150.SOI_150_TC4_PC_MobileOrderIntake_MACD_Flow"/>
  <testcase name="step05" time="1.067" classname="delivery01.soi_150.SOI_150_TC4_PC_MobileOrderIntake_MACD_Flow"/>
  <testcase name="step07" time="49.377" classname="delivery01.soi_150.SOI_150_TC4_PC_MobileOrderIntake_MACD_Flow"/>
  <testcase name="step08" time="2.025" classname="delivery01.soi_150.SOI_150_TC4_PC_MobileOrderIntake_MACD_Flow"/>
  <testcase name="step10" time="3.665" classname="delivery01.soi_150.SOI_150_TC4_PC_MobileOrderIntake_MACD_Flow"/>
  <testcase name="step01" time="8.260" classname="delivery01.soi_150.SOI_150_TC4_PC_MobileOrderIntake_MACD_Flow"/>
  <testcase name="step06" time="2.796" classname="delivery01.soi_150.SOI_150_TC4_PC_MobileOrderIntake_MACD_Flow"/>
  <testcase name="step03" time="2.652" classname="delivery01.soi_150.SOI_150_TC4_PC_MobileOrderIntake_MACD_Flow"/>
  <testcase name="step02" time="6.507" classname="delivery01.soi_150.SOI_150_TC4_PC_MobileOrderIntake_MACD_Flow"/>
</testsuite> <!-- delivery01.soi_150.SOI_150_TC4_PC_MobileOrderIntake_MACD_Flow -->
