<?xml version="1.0" encoding="UTF-8"?>
<!-- Generated by org.testng.reporters.JUnitReportReporter -->
<testsuite skipped="0" hostname="INNOWAVE-383" name="delivery01.soi_720.SOI_720_TC2_PC_NotAbleToAdd2Services" tests="12" failures="0" timestamp="26 fev 2020 18:30:39 GMT" time="197.242" errors="0">
  <testcase name="step09" time="1.956" classname="delivery01.soi_720.SOI_720_TC2_PC_NotAbleToAdd2Services"/>
  <testcase name="step12" time="15.075" classname="delivery01.soi_720.SOI_720_TC2_PC_NotAbleToAdd2Services"/>
  <testcase name="step04" time="8.316" classname="delivery01.soi_720.SOI_720_TC2_PC_NotAbleToAdd2Services"/>
  <testcase name="step01" time="8.907" classname="delivery01.soi_720.SOI_720_TC2_PC_NotAbleToAdd2Services"/>
  <testcase name="step02" time="6.421" classname="delivery01.soi_720.SOI_720_TC2_PC_NotAbleToAdd2Services"/>
  <testcase name="step03" time="9.710" classname="delivery01.soi_720.SOI_720_TC2_PC_NotAbleToAdd2Services"/>
  <testcase name="step05" time="2.239" classname="delivery01.soi_720.SOI_720_TC2_PC_NotAbleToAdd2Services"/>
  <testcase name="step11" time="6.576" classname="delivery01.soi_720.SOI_720_TC2_PC_NotAbleToAdd2Services"/>
  <testcase name="step06" time="32.763" classname="delivery01.soi_720.SOI_720_TC2_PC_NotAbleToAdd2Services"/>
  <testcase name="step07" time="70.796" classname="delivery01.soi_720.SOI_720_TC2_PC_NotAbleToAdd2Services"/>
  <testcase name="step10" time="33.528" classname="delivery01.soi_720.SOI_720_TC2_PC_NotAbleToAdd2Services"/>
  <testcase name="step08" time="0.955" classname="delivery01.soi_720.SOI_720_TC2_PC_NotAbleToAdd2Services"/>
</testsuite> <!-- delivery01.soi_720.SOI_720_TC2_PC_NotAbleToAdd2Services -->
