<?xml version="1.0" encoding="UTF-8"?>
<!-- Generated by org.testng.reporters.JUnitReportReporter -->
<testsuite skipped="0" hostname="INNOWAVE-383" name="d02.SOI_2205.SOI_2205_TC05_DS_ECS_Offerings_ECS_FullFiber" tests="1" failures="0" timestamp="16 dez 2020 17:19:16 GMT" time="70.027" errors="0">
  <testcase name="testCase" time="70.027" classname="d02.SOI_2205.SOI_2205_TC05_DS_ECS_Offerings_ECS_FullFiber"/>
</testsuite> <!-- d02.SOI_2205.SOI_2205_TC05_DS_ECS_Offerings_ECS_FullFiber -->
