<?xml version="1.0" encoding="UTF-8"?>
<!-- Generated by org.testng.reporters.JUnitReportReporter -->
<testsuite skipped="0" hostname="INNOWAVE-383" name="delivery01.soi_69.ServiceScreen_AddNewService_SFPC" tests="9" failures="0" timestamp="10 jan 2020 14:41:36 GMT" time="104.995" errors="0">
  <testcase name="step07" time="53.478" classname="delivery01.soi_69.ServiceScreen_AddNewService_SFPC"/>
  <testcase name="step09" time="2.784" classname="delivery01.soi_69.ServiceScreen_AddNewService_SFPC"/>
  <testcase name="step03" time="10.489" classname="delivery01.soi_69.ServiceScreen_AddNewService_SFPC"/>
  <testcase name="step05" time="2.176" classname="delivery01.soi_69.ServiceScreen_AddNewService_SFPC"/>
  <testcase name="step01" time="9.870" classname="delivery01.soi_69.ServiceScreen_AddNewService_SFPC"/>
  <testcase name="step06" time="8.499" classname="delivery01.soi_69.ServiceScreen_AddNewService_SFPC"/>
  <testcase name="step04" time="8.245" classname="delivery01.soi_69.ServiceScreen_AddNewService_SFPC"/>
  <testcase name="step08" time="1.452" classname="delivery01.soi_69.ServiceScreen_AddNewService_SFPC"/>
  <testcase name="step02" time="8.002" classname="delivery01.soi_69.ServiceScreen_AddNewService_SFPC"/>
</testsuite> <!-- delivery01.soi_69.ServiceScreen_AddNewService_SFPC -->
