<?xml version="1.0" encoding="UTF-8"?>
<!-- Generated by org.testng.reporters.JUnitReportReporter -->
<testsuite skipped="0" hostname="INNOWAVE-383" name="delivery01.soi_70.OrderCreation_For_MACD_OrderCreation" tests="4" failures="0" timestamp="06 dez 2019 17:35:45 GMT" time="30.767" errors="0">
  <testcase name="step04" time="0.676" classname="delivery01.soi_70.OrderCreation_For_MACD_OrderCreation"/>
  <testcase name="step01" time="11.848" classname="delivery01.soi_70.OrderCreation_For_MACD_OrderCreation"/>
  <testcase name="step02" time="11.623" classname="delivery01.soi_70.OrderCreation_For_MACD_OrderCreation"/>
  <testcase name="step03" time="6.620" classname="delivery01.soi_70.OrderCreation_For_MACD_OrderCreation"/>
</testsuite> <!-- delivery01.soi_70.OrderCreation_For_MACD_OrderCreation -->
