<?xml version="1.0" encoding="UTF-8"?>
<!-- Generated by org.testng.reporters.JUnitReportReporter -->
<testsuite skipped="0" hostname="INNOWAVE-383" name="delivery01.soi_66.SOI_66_TC08_PC_AgreementCreation_From_Oportunity_MobileVoice" tests="7" failures="0" timestamp="17 abr 2020 10:12:25 GMT" time="51.690" errors="0">
  <testcase name="step02" time="5.377" classname="delivery01.soi_66.SOI_66_TC08_PC_AgreementCreation_From_Oportunity_MobileVoice"/>
  <testcase name="step04" time="8.979" classname="delivery01.soi_66.SOI_66_TC08_PC_AgreementCreation_From_Oportunity_MobileVoice"/>
  <testcase name="step03" time="9.652" classname="delivery01.soi_66.SOI_66_TC08_PC_AgreementCreation_From_Oportunity_MobileVoice"/>
  <testcase name="step06" time="6.427" classname="delivery01.soi_66.SOI_66_TC08_PC_AgreementCreation_From_Oportunity_MobileVoice"/>
  <testcase name="step05" time="10.561" classname="delivery01.soi_66.SOI_66_TC08_PC_AgreementCreation_From_Oportunity_MobileVoice"/>
  <testcase name="step01" time="8.730" classname="delivery01.soi_66.SOI_66_TC08_PC_AgreementCreation_From_Oportunity_MobileVoice"/>
  <testcase name="step07" time="1.964" classname="delivery01.soi_66.SOI_66_TC08_PC_AgreementCreation_From_Oportunity_MobileVoice"/>
</testsuite> <!-- delivery01.soi_66.SOI_66_TC08_PC_AgreementCreation_From_Oportunity_MobileVoice -->
