<?xml version="1.0" encoding="UTF-8"?>
<!-- Generated by org.testng.reporters.JUnitReportReporter -->
<testsuite skipped="0" hostname="INNOWAVE-383" name="sq.J1835004000_64.J1835004000_64_TC02_QuickSaleOpportunity_OpportunityCreation" tests="1" failures="0" timestamp="14 dez 2020 12:28:29 GMT" time="66.730" errors="0">
  <testcase name="testCase" time="66.730" classname="sq.J1835004000_64.J1835004000_64_TC02_QuickSaleOpportunity_OpportunityCreation"/>
</testsuite> <!-- sq.J1835004000_64.J1835004000_64_TC02_QuickSaleOpportunity_OpportunityCreation -->
