<?xml version="1.0" encoding="UTF-8"?>
<!-- Generated by org.testng.reporters.JUnitReportReporter -->
<testsuite skipped="0" hostname="INNOWAVE-383" name="delivery01.soi_70.OrderCreation_For_MACD_OrderCreation_SFPC" tests="4" failures="0" timestamp="27 dez 2019 14:47:28 GMT" time="36.722" errors="0">
  <testcase name="step01" time="12.875" classname="delivery01.soi_70.OrderCreation_For_MACD_OrderCreation_SFPC"/>
  <testcase name="step04" time="5.750" classname="delivery01.soi_70.OrderCreation_For_MACD_OrderCreation_SFPC"/>
  <testcase name="step02" time="10.228" classname="delivery01.soi_70.OrderCreation_For_MACD_OrderCreation_SFPC"/>
  <testcase name="step03" time="7.869" classname="delivery01.soi_70.OrderCreation_For_MACD_OrderCreation_SFPC"/>
</testsuite> <!-- delivery01.soi_70.OrderCreation_For_MACD_OrderCreation_SFPC -->
